2020-12-07 21:12:683 INFO  BasePage :29 - Launching Chrome Browser
2020-12-07 21:12:990 INFO  BasePage :29 - Launching Chrome Browser
2020-12-07 21:12:882 INFO  BasePage :29 - Launching Chrome Browser
2020-12-07 22:12:713 INFO  BasePage :29 - Launching Chrome Browser
2020-12-07 22:12:483 INFO  HomePage :29 - Clicking on Login link : [[ChromeDriver: chrome on WINDOWS (db553546398844a9ab47b9270a1b3234)] -> xpath: //a[contains(text(),'Log in')]]
2020-12-07 22:12:591 INFO  LoginPage :40 - Entering email address : alphatest@mymail.com to email field : [[ChromeDriver: chrome on WINDOWS (db553546398844a9ab47b9270a1b3234)] -> id: Email]
2020-12-07 22:12:685 INFO  LoginPage :47 - Entering password : 123456 to password field : [[ChromeDriver: chrome on WINDOWS (db553546398844a9ab47b9270a1b3234)] -> css selector: #Password]
2020-12-07 22:12:742 INFO  LoginPage :53 - Clicking on login button : [[ChromeDriver: chrome on WINDOWS (db553546398844a9ab47b9270a1b3234)] -> xpath: //input[@class='button-1 login-button']]
2020-12-07 22:12:852 INFO  LoginPage :83 - Getting text from Proxy element for: DefaultElementLocator 'By.xpath: //h2[contains(text(),'Welcome to our store')]'
2020-12-07 22:12:222 INFO  BasePage :29 - Launching Chrome Browser
2020-12-07 22:12:97 INFO  HomePage :29 - Clicking on Login link : [[ChromeDriver: chrome on WINDOWS (c11806c95ebd4341bd41382b4d3676a4)] -> xpath: //a[contains(text(),'Log in')]]
2020-12-07 22:12:216 INFO  LoginPage :42 - Entering email address : alphatest@mymail.com to email field : [[ChromeDriver: chrome on WINDOWS (c11806c95ebd4341bd41382b4d3676a4)] -> id: Email]
2020-12-07 22:12:302 INFO  LoginPage :49 - Entering password : 123456 to password field : [[ChromeDriver: chrome on WINDOWS (c11806c95ebd4341bd41382b4d3676a4)] -> css selector: #Password]
2020-12-07 22:12:758 INFO  LoginPage :55 - Clicking on login button : [[ChromeDriver: chrome on WINDOWS (c11806c95ebd4341bd41382b4d3676a4)] -> xpath: //input[@class='button-1 login-button']]
2020-12-07 22:12:809 INFO  LoginPage :85 - Getting text from Proxy element for: DefaultElementLocator 'By.xpath: //h2[contains(text(),'Welcome to our store')]'
2020-12-07 22:12:197 INFO  BasePage :29 - Launching Chrome Browser
2020-12-07 22:12:503 INFO  HomePage :29 - Clicking on Login link : [[ChromeDriver: chrome on WINDOWS (10f0e5d5305aa5ed4fb32055d167f58a)] -> xpath: //a[contains(text(),'Log in')]]
2020-12-07 22:12:625 INFO  LoginPage :42 - Entering email address : alphatest@mymail.com to email field : [[ChromeDriver: chrome on WINDOWS (10f0e5d5305aa5ed4fb32055d167f58a)] -> id: Email]
2020-12-07 22:12:707 INFO  LoginPage :49 - Entering password : 123456 to password field : [[ChromeDriver: chrome on WINDOWS (10f0e5d5305aa5ed4fb32055d167f58a)] -> css selector: #Password]
2020-12-07 22:12:115 INFO  LoginPage :55 - Clicking on login button : [[ChromeDriver: chrome on WINDOWS (10f0e5d5305aa5ed4fb32055d167f58a)] -> xpath: //input[@class='button-1 login-button']]
2020-12-07 23:12:182 INFO  BasePage :29 - Launching Chrome Browser
2020-12-07 23:12:968 INFO  HomePage :29 - Clicking on Login link : [[ChromeDriver: chrome on WINDOWS (2105e5ec9590fbfa28acce0834fa5fd1)] -> xpath: //a[contains(text(),'Log in')]]
2020-12-07 23:12:84 INFO  LoginPage :42 - Entering email address : abcd123@gmail.com to email field : [[ChromeDriver: chrome on WINDOWS (2105e5ec9590fbfa28acce0834fa5fd1)] -> id: Email]
2020-12-07 23:12:172 INFO  LoginPage :49 - Entering password : xyz123 to password field : [[ChromeDriver: chrome on WINDOWS (2105e5ec9590fbfa28acce0834fa5fd1)] -> css selector: #Password]
2020-12-07 23:12:207 INFO  LoginPage :55 - Clicking on login button : [[ChromeDriver: chrome on WINDOWS (2105e5ec9590fbfa28acce0834fa5fd1)] -> xpath: //input[@class='button-1 login-button']]
2020-12-07 23:12:230 INFO  LoginPage :66 - Getting error text from [[ChromeDriver: chrome on WINDOWS (2105e5ec9590fbfa28acce0834fa5fd1)] -> xpath: //div[@class = 'message-error validation-summary-errors']]
2020-12-07 23:12:564 INFO  BasePage :29 - Launching Chrome Browser
2020-12-07 23:12:811 INFO  HomePage :29 - Clicking on Login link : [[ChromeDriver: chrome on WINDOWS (d53fb9a118ab222dd430c8b8d53b4833)] -> xpath: //a[contains(text(),'Log in')]]
2020-12-07 23:12:925 INFO  LoginPage :42 - Entering email address : djjfgjjfg123@gmail.com to email field : [[ChromeDriver: chrome on WINDOWS (d53fb9a118ab222dd430c8b8d53b4833)] -> id: Email]
2020-12-07 23:12:14 INFO  LoginPage :49 - Entering password : xyadfas123 to password field : [[ChromeDriver: chrome on WINDOWS (d53fb9a118ab222dd430c8b8d53b4833)] -> css selector: #Password]
2020-12-07 23:12:986 INFO  LoginPage :55 - Clicking on login button : [[ChromeDriver: chrome on WINDOWS (d53fb9a118ab222dd430c8b8d53b4833)] -> xpath: //input[@class='button-1 login-button']]
2020-12-07 23:12:05 INFO  LoginPage :66 - Getting error text from [[ChromeDriver: chrome on WINDOWS (d53fb9a118ab222dd430c8b8d53b4833)] -> xpath: //div[@class = 'message-error validation-summary-errors']]
2020-12-07 23:12:294 INFO  BasePage :29 - Launching Chrome Browser
2020-12-07 23:12:192 INFO  HomePage :29 - Clicking on Login link : [[ChromeDriver: chrome on WINDOWS (f626cdc2b76851ee70acfe1ed6d4c3a7)] -> xpath: //a[contains(text(),'Log in')]]
2020-12-07 23:12:303 INFO  LoginPage :42 - Entering email address : ritmjhsdfg123@gmail.com to email field : [[ChromeDriver: chrome on WINDOWS (f626cdc2b76851ee70acfe1ed6d4c3a7)] -> id: Email]
2020-12-07 23:12:387 INFO  LoginPage :49 - Entering password : adfsadf123 to password field : [[ChromeDriver: chrome on WINDOWS (f626cdc2b76851ee70acfe1ed6d4c3a7)] -> css selector: #Password]
2020-12-07 23:12:477 INFO  LoginPage :55 - Clicking on login button : [[ChromeDriver: chrome on WINDOWS (f626cdc2b76851ee70acfe1ed6d4c3a7)] -> xpath: //input[@class='button-1 login-button']]
2020-12-07 23:12:496 INFO  LoginPage :66 - Getting error text from [[ChromeDriver: chrome on WINDOWS (f626cdc2b76851ee70acfe1ed6d4c3a7)] -> xpath: //div[@class = 'message-error validation-summary-errors']]
2020-12-07 23:12:653 INFO  BasePage :29 - Launching Chrome Browser
2020-12-07 23:12:742 INFO  HomePage :36 - Clicking on login link : [[ChromeDriver: chrome on WINDOWS (5faeeacf23fa62cfb0acf085d715a40a)] -> xpath: //a[@class='ico-register']]
2020-12-07 23:12:762 INFO  RegistrationPage :142 - Verify Registration Message [[ChromeDriver: chrome on WINDOWS (5faeeacf23fa62cfb0acf085d715a40a)] -> xpath: //h1[contains(text(),'Register')]]
2020-12-08 15:12:156 INFO  BasePage :29 - Launching Chrome Browser
2020-12-08 15:12:283 INFO  HomePage :36 - Clicking on login link : [[ChromeDriver: chrome on WINDOWS (2f40e8f541a18d566b45b037d441faaf)] -> xpath: //a[@class='ico-register']]
2020-12-08 15:12:302 INFO  RegistrationPage :142 - Verify Registration Message [[ChromeDriver: chrome on WINDOWS (2f40e8f541a18d566b45b037d441faaf)] -> xpath: //h1[contains(text(),'Register')]]
2020-12-08 15:12:385 INFO  RegistrationPage :63 - click on Gender [[ChromeDriver: chrome on WINDOWS (2f40e8f541a18d566b45b037d441faaf)] -> xpath: //label[contains(text(),'Male')]]
2020-12-08 15:12:476 INFO  RegistrationPage :71 - clicks and sends First Name [[ChromeDriver: chrome on WINDOWS (2f40e8f541a18d566b45b037d441faaf)] -> xpath: //input[@id='FirstName']]
2020-12-08 15:12:529 INFO  RegistrationPage :78 - clicks and sends Last Name [[ChromeDriver: chrome on WINDOWS (2f40e8f541a18d566b45b037d441faaf)] -> xpath: //input[@id='LastName']]
2020-12-08 15:12:571 INFO  RegistrationPage :85 - selects date from the DropDown [[ChromeDriver: chrome on WINDOWS (2f40e8f541a18d566b45b037d441faaf)] -> xpath: //select[@name='DateOfBirthDay']//option[contains(text(),'11')]]
2020-12-08 15:12:612 INFO  RegistrationPage :91 - selects month from the Dropdown [[ChromeDriver: chrome on WINDOWS (2f40e8f541a18d566b45b037d441faaf)] -> xpath: //select[@name='DateOfBirthMonth']//option[contains(text(),'November')]]
2020-12-08 15:12:651 INFO  RegistrationPage :97 - Selects Year from Dropdown [[ChromeDriver: chrome on WINDOWS (2f40e8f541a18d566b45b037d441faaf)] -> xpath: //select[@name='DateOfBirthYear']//option[contains(text(),'2011')]]
2020-12-08 15:12:757 INFO  RegistrationPage :104 - send Email Id to [[ChromeDriver: chrome on WINDOWS (2f40e8f541a18d566b45b037d441faaf)] -> xpath: //input[@id='Email']]
2020-12-08 15:12:847 INFO  RegistrationPage :111 - send Company Name [[ChromeDriver: chrome on WINDOWS (2f40e8f541a18d566b45b037d441faaf)] -> xpath: //input[@id='Company']]
2020-12-08 15:12:896 INFO  RegistrationPage :117 - Selects Newsletter Checkbox [[ChromeDriver: chrome on WINDOWS (2f40e8f541a18d566b45b037d441faaf)] -> xpath: //input[@id='Newsletter']]
2020-12-08 15:12:984 INFO  RegistrationPage :124 - send password to field[[ChromeDriver: chrome on WINDOWS (2f40e8f541a18d566b45b037d441faaf)] -> xpath: //input[@id='Password']]
2020-12-08 15:12:67 INFO  RegistrationPage :131 - send password to confirm password field [[ChromeDriver: chrome on WINDOWS (2f40e8f541a18d566b45b037d441faaf)] -> xpath: //input[@id='ConfirmPassword']]
2020-12-08 15:12:135 INFO  RegistrationPage :137 - Clicks on Registeration Button [[ChromeDriver: chrome on WINDOWS (2f40e8f541a18d566b45b037d441faaf)] -> xpath: //input[@id='register-button']]
2020-12-08 15:12:135 INFO  RegistrationPage :148 - Verifies Successful Registration
2020-12-08 15:12:635 INFO  BasePage :29 - Launching Chrome Browser
2020-12-08 15:12:601 INFO  HomePage :36 - Clicking on login link : [[ChromeDriver: chrome on WINDOWS (80c6545a0103f87e5389fe91262fa2cf)] -> xpath: //a[@class='ico-register']]
2020-12-08 15:12:618 INFO  RegistrationPage :144 - Verify Registration Message [[ChromeDriver: chrome on WINDOWS (80c6545a0103f87e5389fe91262fa2cf)] -> xpath: //h1[contains(text(),'Register')]]
2020-12-08 15:12:683 INFO  RegistrationPage :63 - click on Gender [[ChromeDriver: chrome on WINDOWS (80c6545a0103f87e5389fe91262fa2cf)] -> xpath: //label[contains(text(),'Male')]]
2020-12-08 15:12:862 INFO  RegistrationPage :72 - clicks and sends First Name [[ChromeDriver: chrome on WINDOWS (80c6545a0103f87e5389fe91262fa2cf)] -> xpath: //input[@id='FirstName']]
2020-12-08 15:12:993 INFO  RegistrationPage :80 - clicks and sends Last Name [[ChromeDriver: chrome on WINDOWS (80c6545a0103f87e5389fe91262fa2cf)] -> xpath: //input[@id='LastName']]
2020-12-08 15:12:34 INFO  RegistrationPage :87 - selects date from the DropDown [[ChromeDriver: chrome on WINDOWS (80c6545a0103f87e5389fe91262fa2cf)] -> xpath: //select[@name='DateOfBirthDay']//option[contains(text(),'11')]]
2020-12-08 15:12:81 INFO  RegistrationPage :93 - selects month from the Dropdown [[ChromeDriver: chrome on WINDOWS (80c6545a0103f87e5389fe91262fa2cf)] -> xpath: //select[@name='DateOfBirthMonth']//option[contains(text(),'November')]]
2020-12-08 15:12:130 INFO  RegistrationPage :99 - Selects Year from Dropdown [[ChromeDriver: chrome on WINDOWS (80c6545a0103f87e5389fe91262fa2cf)] -> xpath: //select[@name='DateOfBirthYear']//option[contains(text(),'2011')]]
2020-12-08 15:12:239 INFO  RegistrationPage :106 - send Email Id to [[ChromeDriver: chrome on WINDOWS (80c6545a0103f87e5389fe91262fa2cf)] -> xpath: //input[@id='Email']]
2020-12-08 15:12:332 INFO  RegistrationPage :113 - send Company Name [[ChromeDriver: chrome on WINDOWS (80c6545a0103f87e5389fe91262fa2cf)] -> xpath: //input[@id='Company']]
2020-12-08 15:12:386 INFO  RegistrationPage :119 - Selects Newsletter Checkbox [[ChromeDriver: chrome on WINDOWS (80c6545a0103f87e5389fe91262fa2cf)] -> xpath: //input[@id='Newsletter']]
2020-12-08 15:12:471 INFO  RegistrationPage :126 - send password to field[[ChromeDriver: chrome on WINDOWS (80c6545a0103f87e5389fe91262fa2cf)] -> xpath: //input[@id='Password']]
2020-12-08 15:12:555 INFO  RegistrationPage :133 - send password to confirm password field [[ChromeDriver: chrome on WINDOWS (80c6545a0103f87e5389fe91262fa2cf)] -> xpath: //input[@id='ConfirmPassword']]
2020-12-08 15:12:989 INFO  BasePage :29 - Launching Chrome Browser
2020-12-08 15:12:168 INFO  HomePage :36 - Clicking on login link : [[ChromeDriver: chrome on WINDOWS (18da8adb96a0c1894d76af29dbe688f5)] -> xpath: //a[@class='ico-register']]
2020-12-08 15:12:185 INFO  RegistrationPage :155 - Verify Registration Message [[ChromeDriver: chrome on WINDOWS (18da8adb96a0c1894d76af29dbe688f5)] -> xpath: //h1[contains(text(),'Register')]]
2020-12-08 15:12:331 INFO  RegistrationPage :64 - click on Gender [[ChromeDriver: chrome on WINDOWS (18da8adb96a0c1894d76af29dbe688f5)] -> xpath: //label[contains(text(),'Male')]]
2020-12-08 15:12:484 INFO  RegistrationPage :73 - clicks and sends First Name [[ChromeDriver: chrome on WINDOWS (18da8adb96a0c1894d76af29dbe688f5)] -> xpath: //input[@id='FirstName']]
2020-12-08 15:12:618 INFO  RegistrationPage :81 - clicks and sends Last Name [[ChromeDriver: chrome on WINDOWS (18da8adb96a0c1894d76af29dbe688f5)] -> xpath: //input[@id='LastName']]
2020-12-08 15:12:731 INFO  RegistrationPage :89 - selects date from the DropDown [[ChromeDriver: chrome on WINDOWS (18da8adb96a0c1894d76af29dbe688f5)] -> xpath: //select[@name='DateOfBirthDay']//option[contains(text(),'11')]]
2020-12-08 15:12:775 INFO  RegistrationPage :96 - selects month from the Dropdown [[ChromeDriver: chrome on WINDOWS (18da8adb96a0c1894d76af29dbe688f5)] -> xpath: //select[@name='DateOfBirthMonth']//option[contains(text(),'November')]]
2020-12-08 15:12:821 INFO  RegistrationPage :103 - Selects Year from Dropdown [[ChromeDriver: chrome on WINDOWS (18da8adb96a0c1894d76af29dbe688f5)] -> xpath: //select[@name='DateOfBirthYear']//option[contains(text(),'2011')]]
2020-12-08 15:12:922 INFO  RegistrationPage :111 - send Email Id to [[ChromeDriver: chrome on WINDOWS (18da8adb96a0c1894d76af29dbe688f5)] -> xpath: //input[@id='Email']]
2020-12-08 15:12:12 INFO  RegistrationPage :119 - send Company Name [[ChromeDriver: chrome on WINDOWS (18da8adb96a0c1894d76af29dbe688f5)] -> xpath: //input[@id='Company']]
2020-12-08 15:12:62 INFO  RegistrationPage :126 - Selects Newsletter Checkbox [[ChromeDriver: chrome on WINDOWS (18da8adb96a0c1894d76af29dbe688f5)] -> xpath: //input[@id='Newsletter']]
2020-12-08 15:12:147 INFO  RegistrationPage :134 - send password to field[[ChromeDriver: chrome on WINDOWS (18da8adb96a0c1894d76af29dbe688f5)] -> xpath: //input[@id='Password']]
2020-12-08 15:12:230 INFO  RegistrationPage :142 - send password to confirm password field [[ChromeDriver: chrome on WINDOWS (18da8adb96a0c1894d76af29dbe688f5)] -> xpath: //input[@id='ConfirmPassword']]
2020-12-08 15:12:187 INFO  BasePage :29 - Launching Chrome Browser
2020-12-08 15:12:181 INFO  HomePage :36 - Clicking on login link : [[ChromeDriver: chrome on WINDOWS (ec5199bb25effc6ecb462ecc341483a6)] -> xpath: //a[@class='ico-register']]
2020-12-08 15:12:199 INFO  RegistrationPage :156 - Verify Registration Message [[ChromeDriver: chrome on WINDOWS (ec5199bb25effc6ecb462ecc341483a6)] -> xpath: //h1[contains(text(),'Register')]]
2020-12-08 15:12:328 INFO  RegistrationPage :64 - click on Gender [[ChromeDriver: chrome on WINDOWS (ec5199bb25effc6ecb462ecc341483a6)] -> xpath: //label[contains(text(),'Male')]]
2020-12-08 15:12:472 INFO  RegistrationPage :73 - clicks and sends First Name [[ChromeDriver: chrome on WINDOWS (ec5199bb25effc6ecb462ecc341483a6)] -> xpath: //input[@id='FirstName']]
2020-12-08 15:12:600 INFO  RegistrationPage :81 - clicks and sends Last Name [[ChromeDriver: chrome on WINDOWS (ec5199bb25effc6ecb462ecc341483a6)] -> xpath: //input[@id='LastName']]
2020-12-08 15:12:705 INFO  RegistrationPage :89 - selects date from the DropDown [[ChromeDriver: chrome on WINDOWS (ec5199bb25effc6ecb462ecc341483a6)] -> xpath: //select[@name='DateOfBirthDay']//option[contains(text(),'11')]]
2020-12-08 15:12:748 INFO  RegistrationPage :96 - selects month from the Dropdown [[ChromeDriver: chrome on WINDOWS (ec5199bb25effc6ecb462ecc341483a6)] -> xpath: //select[@name='DateOfBirthMonth']//option[contains(text(),'November')]]
2020-12-08 15:12:800 INFO  RegistrationPage :103 - Selects Year from Dropdown [[ChromeDriver: chrome on WINDOWS (ec5199bb25effc6ecb462ecc341483a6)] -> xpath: //select[@name='DateOfBirthYear']//option[contains(text(),'2011')]]
2020-12-08 15:12:900 INFO  RegistrationPage :111 - send Email Id to [[ChromeDriver: chrome on WINDOWS (ec5199bb25effc6ecb462ecc341483a6)] -> xpath: //input[@id='Email']]
2020-12-08 15:12:989 INFO  RegistrationPage :119 - send Company Name [[ChromeDriver: chrome on WINDOWS (ec5199bb25effc6ecb462ecc341483a6)] -> xpath: //input[@id='Company']]
2020-12-08 15:12:42 INFO  RegistrationPage :126 - Selects Newsletter Checkbox [[ChromeDriver: chrome on WINDOWS (ec5199bb25effc6ecb462ecc341483a6)] -> xpath: //input[@id='Newsletter']]
2020-12-08 15:12:132 INFO  RegistrationPage :134 - send password to field[[ChromeDriver: chrome on WINDOWS (ec5199bb25effc6ecb462ecc341483a6)] -> xpath: //input[@id='Password']]
2020-12-08 15:12:211 INFO  RegistrationPage :142 - send password to confirm password field [[ChromeDriver: chrome on WINDOWS (ec5199bb25effc6ecb462ecc341483a6)] -> xpath: //input[@id='ConfirmPassword']]
2020-12-08 15:12:524 INFO  BasePage :29 - Launching Chrome Browser
2020-12-08 15:12:530 INFO  HomePage :36 - Clicking on login link : [[ChromeDriver: chrome on WINDOWS (cbcaa281ebc6bb7ee31c0e8928bb163f)] -> xpath: //a[@class='ico-register']]
2020-12-08 15:12:549 INFO  RegistrationPage :156 - Verify Registration Message [[ChromeDriver: chrome on WINDOWS (cbcaa281ebc6bb7ee31c0e8928bb163f)] -> xpath: //h1[contains(text(),'Register')]]
2020-12-08 15:12:689 INFO  RegistrationPage :64 - click on Gender [[ChromeDriver: chrome on WINDOWS (cbcaa281ebc6bb7ee31c0e8928bb163f)] -> xpath: //label[contains(text(),'Male')]]
2020-12-08 15:12:858 INFO  RegistrationPage :73 - clicks and sends First Name [[ChromeDriver: chrome on WINDOWS (cbcaa281ebc6bb7ee31c0e8928bb163f)] -> xpath: //input[@id='FirstName']]
2020-12-08 15:12:00 INFO  RegistrationPage :81 - clicks and sends Last Name [[ChromeDriver: chrome on WINDOWS (cbcaa281ebc6bb7ee31c0e8928bb163f)] -> xpath: //input[@id='LastName']]
2020-12-08 15:12:109 INFO  RegistrationPage :89 - selects date from the DropDown [[ChromeDriver: chrome on WINDOWS (cbcaa281ebc6bb7ee31c0e8928bb163f)] -> xpath: //select[@name='DateOfBirthDay']//option[contains(text(),'11')]]
2020-12-08 15:12:154 INFO  RegistrationPage :96 - selects month from the Dropdown [[ChromeDriver: chrome on WINDOWS (cbcaa281ebc6bb7ee31c0e8928bb163f)] -> xpath: //select[@name='DateOfBirthMonth']//option[contains(text(),'November')]]
2020-12-08 15:12:195 INFO  RegistrationPage :103 - Selects Year from Dropdown [[ChromeDriver: chrome on WINDOWS (cbcaa281ebc6bb7ee31c0e8928bb163f)] -> xpath: //select[@name='DateOfBirthYear']//option[contains(text(),'2011')]]
2020-12-08 15:12:298 INFO  RegistrationPage :111 - send Email Id to [[ChromeDriver: chrome on WINDOWS (cbcaa281ebc6bb7ee31c0e8928bb163f)] -> xpath: //input[@id='Email']]
2020-12-08 15:12:397 INFO  RegistrationPage :119 - send Company Name [[ChromeDriver: chrome on WINDOWS (cbcaa281ebc6bb7ee31c0e8928bb163f)] -> xpath: //input[@id='Company']]
2020-12-08 15:12:451 INFO  RegistrationPage :126 - Selects Newsletter Checkbox [[ChromeDriver: chrome on WINDOWS (cbcaa281ebc6bb7ee31c0e8928bb163f)] -> xpath: //input[@id='Newsletter']]
2020-12-08 15:12:541 INFO  RegistrationPage :134 - send password to field[[ChromeDriver: chrome on WINDOWS (cbcaa281ebc6bb7ee31c0e8928bb163f)] -> xpath: //input[@id='Password']]
2020-12-08 15:12:620 INFO  RegistrationPage :142 - send password to confirm password field [[ChromeDriver: chrome on WINDOWS (cbcaa281ebc6bb7ee31c0e8928bb163f)] -> xpath: //input[@id='ConfirmPassword']]
2020-12-08 15:12:990 INFO  BasePage :29 - Launching Chrome Browser
2020-12-08 15:12:10 INFO  HomePage :36 - Clicking on login link : [[ChromeDriver: chrome on WINDOWS (ab4f663a813a610fea22042d6169c1f7)] -> xpath: //a[@class='ico-register']]
2020-12-08 15:12:28 INFO  RegistrationPage :156 - Verify Registration Message [[ChromeDriver: chrome on WINDOWS (ab4f663a813a610fea22042d6169c1f7)] -> xpath: //h1[contains(text(),'Register')]]
2020-12-08 15:12:164 INFO  RegistrationPage :64 - click on Gender [[ChromeDriver: chrome on WINDOWS (ab4f663a813a610fea22042d6169c1f7)] -> xpath: //label[contains(text(),'Male')]]
2020-12-08 15:12:353 INFO  RegistrationPage :73 - clicks and sends First Name [[ChromeDriver: chrome on WINDOWS (ab4f663a813a610fea22042d6169c1f7)] -> xpath: //input[@id='FirstName']]
2020-12-08 15:12:466 INFO  RegistrationPage :81 - clicks and sends Last Name [[ChromeDriver: chrome on WINDOWS (ab4f663a813a610fea22042d6169c1f7)] -> xpath: //input[@id='LastName']]
2020-12-08 15:12:560 INFO  RegistrationPage :89 - selects date from the DropDown [[ChromeDriver: chrome on WINDOWS (ab4f663a813a610fea22042d6169c1f7)] -> xpath: //select[@name='DateOfBirthDay']//option[contains(text(),'11')]]
2020-12-08 15:12:642 INFO  RegistrationPage :96 - selects month from the Dropdown [[ChromeDriver: chrome on WINDOWS (ab4f663a813a610fea22042d6169c1f7)] -> xpath: //select[@name='DateOfBirthMonth']//option[contains(text(),'November')]]
2020-12-08 15:12:721 INFO  RegistrationPage :103 - Selects Year from Dropdown [[ChromeDriver: chrome on WINDOWS (ab4f663a813a610fea22042d6169c1f7)] -> xpath: //select[@name='DateOfBirthYear']//option[contains(text(),'2011')]]
2020-12-08 15:12:881 INFO  RegistrationPage :111 - send Email Id to [[ChromeDriver: chrome on WINDOWS (ab4f663a813a610fea22042d6169c1f7)] -> xpath: //input[@id='Email']]
2020-12-08 15:12:37 INFO  RegistrationPage :119 - send Company Name [[ChromeDriver: chrome on WINDOWS (ab4f663a813a610fea22042d6169c1f7)] -> xpath: //input[@id='Company']]
2020-12-08 15:12:139 INFO  RegistrationPage :126 - Selects Newsletter Checkbox [[ChromeDriver: chrome on WINDOWS (ab4f663a813a610fea22042d6169c1f7)] -> xpath: //input[@id='Newsletter']]
2020-12-08 15:12:280 INFO  RegistrationPage :134 - send password to field[[ChromeDriver: chrome on WINDOWS (ab4f663a813a610fea22042d6169c1f7)] -> xpath: //input[@id='Password']]
2020-12-08 15:12:421 INFO  RegistrationPage :142 - send password to confirm password field [[ChromeDriver: chrome on WINDOWS (ab4f663a813a610fea22042d6169c1f7)] -> xpath: //input[@id='ConfirmPassword']]
2020-12-08 15:12:444 INFO  RegistrationPage :149 - Clicks on Registeration Button [[ChromeDriver: chrome on WINDOWS (ab4f663a813a610fea22042d6169c1f7)] -> xpath: //input[@id='register-button']]
2020-12-08 15:12:818 INFO  RegistrationPage :163 - Verifies Successful Registration
2020-12-08 15:12:176 INFO  BasePage :29 - Launching Chrome Browser
2020-12-08 15:12:106 INFO  ComputerPage :24 - Mouse Hovers on Computer Link [[ChromeDriver: chrome on WINDOWS (7d588052095b5cb884b0c45ffec0337a)] -> xpath: //ul[@class='top-menu notmobile']//a[contains(text(),'Computers')]]
2020-12-08 15:12:128 INFO  ComputerPage :31 - Desktop Message Verification [[ChromeDriver: chrome on WINDOWS (7d588052095b5cb884b0c45ffec0337a)] -> xpath: //h1[contains(text(),'Computers')]]
2020-12-08 16:12:557 INFO  BasePage :29 - Launching Chrome Browser
2020-12-08 16:12:888 INFO  BasePage :29 - Launching Chrome Browser
2020-12-08 16:12:838 INFO  DesktopPage :44 - Mouse Hovers on Computer Link [[ChromeDriver: chrome on WINDOWS (e559433a0951647d600b28fae5c9e071)] -> xpath: //ul[@class='top-menu notmobile']//a[contains(text(),'Computers')]]
2020-12-08 16:12:298 INFO  DesktopPage :60 - Clicks on Desktop Link Proxy element for: DefaultElementLocator 'By.xpath: //body/div[6]/div[3]/div[2]/div[2]/div[1]/div[2]/div[1]/div[1]/div[1]/div[1]/div[1]/a[1]/img[1]'
2020-12-08 16:12:533 INFO  DesktopPage :68 - sorts Z To A [[ChromeDriver: chrome on WINDOWS (e559433a0951647d600b28fae5c9e071)] -> id: products-orderby]
2020-12-08 16:12:820 INFO  DesktopPage :96 -  sorts AtoZ [[ChromeDriver: chrome on WINDOWS (e559433a0951647d600b28fae5c9e071)] -> id: products-orderby]
2020-12-08 16:12:880 INFO  DesktopPage :103 - Clicks on Add to cart Button [[ChromeDriver: chrome on WINDOWS (e559433a0951647d600b28fae5c9e071)] -> xpath: //input[@onclick='return AjaxCart.addproducttocart_catalog("/addproducttocart/catalog/1/1/1"),!1']]
2020-12-08 16:12:696 INFO  DesktopPage :110 - Verify Actual Message [[ChromeDriver: chrome on WINDOWS (e559433a0951647d600b28fae5c9e071)] -> xpath: //h1[contains(text(),'Build your own computer')]]
2020-12-08 17:12:450 INFO  BasePage :29 - Launching Chrome Browser
2020-12-08 17:12:555 INFO  DesktopPage :44 - Mouse Hovers on Computer Link [[ChromeDriver: chrome on WINDOWS (f415d9d32306c2d14b2eee1050efdbb4)] -> xpath: //ul[@class='top-menu notmobile']//a[contains(text(),'Computers')]]
2020-12-08 17:12:902 INFO  DesktopPage :60 - Clicks on Desktop Link Proxy element for: DefaultElementLocator 'By.xpath: //body/div[6]/div[3]/div[2]/div[2]/div[1]/div[2]/div[1]/div[1]/div[1]/div[1]/div[1]/a[1]/img[1]'
2020-12-08 17:12:228 INFO  DesktopPage :68 - sorts Z To A [[ChromeDriver: chrome on WINDOWS (f415d9d32306c2d14b2eee1050efdbb4)] -> id: products-orderby]
2020-12-08 17:12:546 INFO  DesktopPage :96 -  sorts AtoZ [[ChromeDriver: chrome on WINDOWS (f415d9d32306c2d14b2eee1050efdbb4)] -> id: products-orderby]
2020-12-08 17:12:616 INFO  DesktopPage :103 - Clicks on Add to cart Button [[ChromeDriver: chrome on WINDOWS (f415d9d32306c2d14b2eee1050efdbb4)] -> xpath: //input[@onclick='return AjaxCart.addproducttocart_catalog("/addproducttocart/catalog/1/1/1"),!1']]
2020-12-08 17:12:586 INFO  DesktopPage :110 - Verify Actual Message [[ChromeDriver: chrome on WINDOWS (f415d9d32306c2d14b2eee1050efdbb4)] -> xpath: //h1[contains(text(),'Build your own computer')]]
2020-12-08 17:12:286 INFO  BasePage :29 - Launching Chrome Browser
2020-12-08 17:12:776 INFO  BasePage :29 - Launching Chrome Browser
2020-12-08 17:12:465 INFO  DesktopPage :44 - Mouse Hovers on Computer Link [[ChromeDriver: chrome on WINDOWS (a8e9d48b20770a6a8b64a5caa04d27ef)] -> xpath: //ul[@class='top-menu notmobile']//a[contains(text(),'Computers')]]
2020-12-08 17:12:665 INFO  DesktopPage :60 - Clicks on Desktop Link Proxy element for: DefaultElementLocator 'By.xpath: //body/div[6]/div[3]/div[2]/div[2]/div[1]/div[2]/div[1]/div[1]/div[1]/div[1]/div[1]/a[1]/img[1]'
2020-12-08 17:12:393 INFO  DesktopPage :96 -  sorts AtoZ [[ChromeDriver: chrome on WINDOWS (a8e9d48b20770a6a8b64a5caa04d27ef)] -> id: products-orderby]
2020-12-08 17:12:475 INFO  DesktopPage :103 - Clicks on Add to cart Button [[ChromeDriver: chrome on WINDOWS (a8e9d48b20770a6a8b64a5caa04d27ef)] -> xpath: //input[@onclick='return AjaxCart.addproducttocart_catalog("/addproducttocart/catalog/1/1/1"),!1']]
2020-12-08 17:12:176 INFO  BuildYourComputerPage :45 -  Selects Processor [[ChromeDriver: chrome on WINDOWS (a8e9d48b20770a6a8b64a5caa04d27ef)] -> xpath: //select[@id='product_attribute_1']]
2020-12-08 17:12:464 INFO  BuildYourComputerPage :60 -  select RAM from dropdow [[ChromeDriver: chrome on WINDOWS (a8e9d48b20770a6a8b64a5caa04d27ef)] -> xpath: //select[@id='product_attribute_2']]
2020-12-08 17:12:524 INFO  BuildYourComputerPage :67 - Click HDD radio button [[ChromeDriver: chrome on WINDOWS (a8e9d48b20770a6a8b64a5caa04d27ef)] -> xpath: //input[@id='product_attribute_3_7']]
2020-12-08 17:12:583 INFO  BuildYourComputerPage :70 - Clicks OS Radio Button [[ChromeDriver: chrome on WINDOWS (a8e9d48b20770a6a8b64a5caa04d27ef)] -> xpath: //input[@id='product_attribute_4_9']]
2020-12-08 17:12:643 INFO  BuildYourComputerPage :78 - Check Commander Check Box [[ChromeDriver: chrome on WINDOWS (a8e9d48b20770a6a8b64a5caa04d27ef)] -> xpath: //input[@id='product_attribute_5_12']]
2020-12-08 17:12:665 INFO  BuildYourComputerPage :84 - verify Message [[ChromeDriver: chrome on WINDOWS (a8e9d48b20770a6a8b64a5caa04d27ef)] -> xpath: //span[@class='price-value-1']]
2020-12-08 17:12:743 INFO  BuildYourComputerPage :96 - Click on Add to Cart Button [[ChromeDriver: chrome on WINDOWS (a8e9d48b20770a6a8b64a5caa04d27ef)] -> xpath: //input[@id='add-to-cart-button-1']]
2020-12-08 17:12:117 INFO  BuildYourComputerPage :104 -  Click on Display Notification [[ChromeDriver: chrome on WINDOWS (a8e9d48b20770a6a8b64a5caa04d27ef)] -> xpath: //body/div[@id='bar-notification']/div[1]]
2020-12-08 17:12:418 INFO  BasePage :29 - Launching Chrome Browser
2020-12-08 17:12:495 INFO  DesktopPage :44 - Mouse Hovers on Computer Link [[ChromeDriver: chrome on WINDOWS (db0c551e1e10f158b00c5fdfe40760ac)] -> xpath: //ul[@class='top-menu notmobile']//a[contains(text(),'Computers')]]
2020-12-08 17:12:827 INFO  DesktopPage :60 - Clicks on Desktop Link Proxy element for: DefaultElementLocator 'By.xpath: //body/div[6]/div[3]/div[2]/div[2]/div[1]/div[2]/div[1]/div[1]/div[1]/div[1]/div[1]/a[1]/img[1]'
2020-12-08 17:12:142 INFO  DesktopPage :96 -  sorts AtoZ [[ChromeDriver: chrome on WINDOWS (db0c551e1e10f158b00c5fdfe40760ac)] -> id: products-orderby]
2020-12-08 17:12:213 INFO  DesktopPage :103 - Clicks on Add to cart Button [[ChromeDriver: chrome on WINDOWS (db0c551e1e10f158b00c5fdfe40760ac)] -> xpath: //input[@onclick='return AjaxCart.addproducttocart_catalog("/addproducttocart/catalog/1/1/1"),!1']]
2020-12-08 17:12:718 INFO  BuildYourComputerPage :45 -  Selects Processor [[ChromeDriver: chrome on WINDOWS (db0c551e1e10f158b00c5fdfe40760ac)] -> xpath: //select[@id='product_attribute_1']]
2020-12-08 17:12:03 INFO  BuildYourComputerPage :60 -  select RAM from dropdow [[ChromeDriver: chrome on WINDOWS (db0c551e1e10f158b00c5fdfe40760ac)] -> xpath: //select[@id='product_attribute_2']]
2020-12-08 17:12:70 INFO  BuildYourComputerPage :67 - Click HDD radio button [[ChromeDriver: chrome on WINDOWS (db0c551e1e10f158b00c5fdfe40760ac)] -> xpath: //input[@id='product_attribute_3_7']]
2020-12-08 17:12:130 INFO  BuildYourComputerPage :70 - Clicks OS Radio Button [[ChromeDriver: chrome on WINDOWS (db0c551e1e10f158b00c5fdfe40760ac)] -> xpath: //input[@id='product_attribute_4_9']]
2020-12-08 17:12:190 INFO  BuildYourComputerPage :78 - Check Commander Check Box [[ChromeDriver: chrome on WINDOWS (db0c551e1e10f158b00c5fdfe40760ac)] -> xpath: //input[@id='product_attribute_5_12']]
2020-12-08 17:12:211 INFO  BuildYourComputerPage :84 - verify Message [[ChromeDriver: chrome on WINDOWS (db0c551e1e10f158b00c5fdfe40760ac)] -> xpath: //span[@class='price-value-1']]
2020-12-08 17:12:297 INFO  BuildYourComputerPage :96 - Click on Add to Cart Button [[ChromeDriver: chrome on WINDOWS (db0c551e1e10f158b00c5fdfe40760ac)] -> xpath: //input[@id='add-to-cart-button-1']]
2020-12-08 17:12:377 INFO  BuildYourComputerPage :104 -  Click on Display Notification [[ChromeDriver: chrome on WINDOWS (db0c551e1e10f158b00c5fdfe40760ac)] -> xpath: //body/div[@id='bar-notification']/div[1]]
2020-12-08 20:12:746 INFO  BasePage :29 - Launching Chrome Browser
2020-12-08 20:12:130 INFO  DesktopPage :44 - Mouse Hovers on Computer Link [[ChromeDriver: chrome on WINDOWS (e7d879f0cbdf5b5d0bddc399b2e19c10)] -> xpath: //ul[@class='top-menu notmobile']//a[contains(text(),'Computers')]]
2020-12-08 20:12:410 INFO  DesktopPage :60 - Clicks on Desktop Link Proxy element for: DefaultElementLocator 'By.xpath: //body/div[6]/div[3]/div[2]/div[2]/div[1]/div[2]/div[1]/div[1]/div[1]/div[1]/div[1]/a[1]/img[1]'
2020-12-08 20:12:696 INFO  DesktopPage :96 -  sorts AtoZ [[ChromeDriver: chrome on WINDOWS (e7d879f0cbdf5b5d0bddc399b2e19c10)] -> id: products-orderby]
2020-12-08 20:12:763 INFO  DesktopPage :103 - Clicks on Add to cart Button [[ChromeDriver: chrome on WINDOWS (e7d879f0cbdf5b5d0bddc399b2e19c10)] -> xpath: //input[@onclick='return AjaxCart.addproducttocart_catalog("/addproducttocart/catalog/1/1/1"),!1']]
2020-12-08 20:12:97 INFO  BuildYourComputerPage :45 -  Selects Processor [[ChromeDriver: chrome on WINDOWS (e7d879f0cbdf5b5d0bddc399b2e19c10)] -> xpath: //select[@id='product_attribute_1']]
2020-12-08 20:12:377 INFO  BuildYourComputerPage :60 -  select RAM from dropdow [[ChromeDriver: chrome on WINDOWS (e7d879f0cbdf5b5d0bddc399b2e19c10)] -> xpath: //select[@id='product_attribute_2']]
2020-12-08 20:12:438 INFO  BuildYourComputerPage :67 - Click HDD radio button [[ChromeDriver: chrome on WINDOWS (e7d879f0cbdf5b5d0bddc399b2e19c10)] -> xpath: //input[@id='product_attribute_3_7']]
2020-12-08 20:12:495 INFO  BuildYourComputerPage :70 - Clicks OS Radio Button [[ChromeDriver: chrome on WINDOWS (e7d879f0cbdf5b5d0bddc399b2e19c10)] -> xpath: //input[@id='product_attribute_4_9']]
2020-12-08 20:12:557 INFO  BuildYourComputerPage :78 - Check Commander Check Box [[ChromeDriver: chrome on WINDOWS (e7d879f0cbdf5b5d0bddc399b2e19c10)] -> xpath: //input[@id='product_attribute_5_12']]
2020-12-08 20:12:625 INFO  BuildYourComputerPage :96 - Click on Add to Cart Button [[ChromeDriver: chrome on WINDOWS (e7d879f0cbdf5b5d0bddc399b2e19c10)] -> xpath: //input[@id='add-to-cart-button-1']]
2020-12-08 20:12:951 INFO  BuildYourComputerPage :104 -  Click on Display Notification [[ChromeDriver: chrome on WINDOWS (e7d879f0cbdf5b5d0bddc399b2e19c10)] -> xpath: //body/div[@id='bar-notification']/div[1]]
2020-12-08 20:12:278 INFO  ShoppingCartPage :40 - Mini shopping Cart [[ChromeDriver: chrome on WINDOWS (e7d879f0cbdf5b5d0bddc399b2e19c10)] -> xpath: //div[@class='mini-shopping-cart']//div//input]
2020-12-08 20:12:417 INFO  ShoppingCartPage :51 - Changes the qty to 2 [[ChromeDriver: chrome on WINDOWS (e7d879f0cbdf5b5d0bddc399b2e19c10)] -> xpath: //input[@class='qty-input']]
2020-12-08 20:12:803 INFO  ShoppingCartPage :58 - Updates final Add button [[ChromeDriver: chrome on WINDOWS (e7d879f0cbdf5b5d0bddc399b2e19c10)] -> xpath: //div[@class='cart-options']//div//input[@class='button-2 update-cart-button']]
2020-12-08 21:12:261 INFO  BasePage :29 - Launching Chrome Browser
2020-12-08 21:12:42 INFO  DesktopPage :44 - Mouse Hovers on Computer Link [[ChromeDriver: chrome on WINDOWS (c99d127b3fd7918d3d0af1261113d156)] -> xpath: //ul[@class='top-menu notmobile']//a[contains(text(),'Computers')]]
2020-12-08 21:12:318 INFO  DesktopPage :60 - Clicks on Desktop Link Proxy element for: DefaultElementLocator 'By.xpath: //body/div[6]/div[3]/div[2]/div[2]/div[1]/div[2]/div[1]/div[1]/div[1]/div[1]/div[1]/a[1]/img[1]'
2020-12-08 21:12:63 INFO  DesktopPage :96 -  sorts AtoZ [[ChromeDriver: chrome on WINDOWS (c99d127b3fd7918d3d0af1261113d156)] -> id: products-orderby]
2020-12-08 21:12:157 INFO  DesktopPage :103 - Clicks on Add to cart Button [[ChromeDriver: chrome on WINDOWS (c99d127b3fd7918d3d0af1261113d156)] -> xpath: //input[@onclick='return AjaxCart.addproducttocart_catalog("/addproducttocart/catalog/1/1/1"),!1']]
2020-12-08 21:12:828 INFO  BuildYourComputerPage :45 -  Selects Processor [[ChromeDriver: chrome on WINDOWS (c99d127b3fd7918d3d0af1261113d156)] -> xpath: //select[@id='product_attribute_1']]
2020-12-08 21:12:185 INFO  BuildYourComputerPage :60 -  select RAM from dropdow [[ChromeDriver: chrome on WINDOWS (c99d127b3fd7918d3d0af1261113d156)] -> xpath: //select[@id='product_attribute_2']]
2020-12-08 21:12:273 INFO  BuildYourComputerPage :67 - Click HDD radio button [[ChromeDriver: chrome on WINDOWS (c99d127b3fd7918d3d0af1261113d156)] -> xpath: //input[@id='product_attribute_3_7']]
2020-12-08 21:12:349 INFO  BuildYourComputerPage :70 - Clicks OS Radio Button [[ChromeDriver: chrome on WINDOWS (c99d127b3fd7918d3d0af1261113d156)] -> xpath: //input[@id='product_attribute_4_9']]
2020-12-08 21:12:421 INFO  BuildYourComputerPage :78 - Check Commander Check Box [[ChromeDriver: chrome on WINDOWS (c99d127b3fd7918d3d0af1261113d156)] -> xpath: //input[@id='product_attribute_5_12']]
2020-12-08 21:12:497 INFO  BuildYourComputerPage :96 - Click on Add to Cart Button [[ChromeDriver: chrome on WINDOWS (c99d127b3fd7918d3d0af1261113d156)] -> xpath: //input[@id='add-to-cart-button-1']]
2020-12-08 21:12:894 INFO  BuildYourComputerPage :104 -  Click on Display Notification [[ChromeDriver: chrome on WINDOWS (c99d127b3fd7918d3d0af1261113d156)] -> xpath: //body/div[@id='bar-notification']/div[1]]
2020-12-08 21:12:306 INFO  ShoppingCartPage :40 - Mini shopping Cart [[ChromeDriver: chrome on WINDOWS (c99d127b3fd7918d3d0af1261113d156)] -> xpath: //div[@class='mini-shopping-cart']//div//input]
2020-12-08 21:12:467 INFO  ShoppingCartPage :51 - Changes the qty to 2 [[ChromeDriver: chrome on WINDOWS (c99d127b3fd7918d3d0af1261113d156)] -> xpath: //input[@class='qty-input']]
2020-12-08 21:12:322 INFO  ShoppingCartPage :58 - Updates final Add button [[ChromeDriver: chrome on WINDOWS (c99d127b3fd7918d3d0af1261113d156)] -> xpath: //div[@class='cart-options']//div//input[@class='button-2 update-cart-button']]
2020-12-08 22:12:714 INFO  BasePage :29 - Launching Chrome Browser
2020-12-08 22:12:810 INFO  HomePage :36 - Clicking on login link : [[ChromeDriver: chrome on WINDOWS (8dc6b6ca0f0f7d7055237a5ba1180f8d)] -> xpath: //a[@class='ico-register']]
2020-12-08 22:12:811 INFO  RegistrationPage :163 - Verifies Successful Registration
2020-12-08 22:12:746 INFO  BasePage :29 - Launching Chrome Browser
2020-12-08 22:12:61 INFO  HomePage :36 - Clicking on login link : [[ChromeDriver: chrome on WINDOWS (ac6d899f24bbd2305e035611f8715e11)] -> xpath: //a[@class='ico-register']]
2020-12-08 22:12:62 INFO  RegistrationPage :163 - Verifies Successful Registration
2020-12-08 22:12:150 INFO  BasePage :29 - Launching Chrome Browser
2020-12-08 22:12:210 INFO  HomePage :36 - Clicking on login link : [[ChromeDriver: chrome on WINDOWS (30d4ced414d5114327f2b5a703cefe42)] -> xpath: //a[@class='ico-register']]
2020-12-08 22:12:212 INFO  RegistrationPage :163 - Verifies Successful Registration
2020-12-08 22:12:438 INFO  BasePage :29 - Launching Chrome Browser
2020-12-08 22:12:486 INFO  HomePage :36 - Clicking on login link : [[ChromeDriver: chrome on WINDOWS (08e916527f19b23e63298bc15ceaffc1)] -> xpath: //a[@class='ico-register']]
2020-12-08 22:12:510 INFO  RegistrationPage :156 - Verify Registration Message [[ChromeDriver: chrome on WINDOWS (08e916527f19b23e63298bc15ceaffc1)] -> xpath: //h1[contains(text(),'Register')]]
2020-12-08 22:12:835 INFO  BasePage :29 - Launching Chrome Browser
2020-12-08 22:12:921 INFO  HomePage :36 - Clicking on login link : [[ChromeDriver: chrome on WINDOWS (62ceca86abbd10d17c284c8b84511701)] -> xpath: //a[@class='ico-register']]
2020-12-08 22:12:940 INFO  RegistrationPage :156 - Verify Registration Message [[ChromeDriver: chrome on WINDOWS (62ceca86abbd10d17c284c8b84511701)] -> xpath: //h1[contains(text(),'Register')]]
2020-12-08 22:12:17 INFO  RegistrationPage :64 - click on Gender [[ChromeDriver: chrome on WINDOWS (62ceca86abbd10d17c284c8b84511701)] -> xpath: //label[contains(text(),'Male')]]
2020-12-08 22:12:136 INFO  RegistrationPage :73 - clicks and sends First Name [[ChromeDriver: chrome on WINDOWS (62ceca86abbd10d17c284c8b84511701)] -> xpath: //input[@id='FirstName']]
2020-12-08 22:12:205 INFO  RegistrationPage :81 - clicks and sends Last Name [[ChromeDriver: chrome on WINDOWS (62ceca86abbd10d17c284c8b84511701)] -> xpath: //input[@id='LastName']]
2020-12-08 22:12:267 INFO  RegistrationPage :89 - selects date from the DropDown [[ChromeDriver: chrome on WINDOWS (62ceca86abbd10d17c284c8b84511701)] -> xpath: //select[@name='DateOfBirthDay']//option[contains(text(),'11')]]
2020-12-08 22:12:317 INFO  RegistrationPage :96 - selects month from the Dropdown [[ChromeDriver: chrome on WINDOWS (62ceca86abbd10d17c284c8b84511701)] -> xpath: //select[@name='DateOfBirthMonth']//option[contains(text(),'November')]]
2020-12-08 22:12:366 INFO  RegistrationPage :103 - Selects Year from Dropdown [[ChromeDriver: chrome on WINDOWS (62ceca86abbd10d17c284c8b84511701)] -> xpath: //select[@name='DateOfBirthYear']//option[contains(text(),'2011')]]
2020-12-08 22:12:470 INFO  RegistrationPage :111 - send Email Id to [[ChromeDriver: chrome on WINDOWS (62ceca86abbd10d17c284c8b84511701)] -> xpath: //input[@id='Email']]
2020-12-08 22:12:568 INFO  RegistrationPage :119 - send Company Name [[ChromeDriver: chrome on WINDOWS (62ceca86abbd10d17c284c8b84511701)] -> xpath: //input[@id='Company']]
2020-12-08 22:12:626 INFO  RegistrationPage :126 - Selects Newsletter Checkbox [[ChromeDriver: chrome on WINDOWS (62ceca86abbd10d17c284c8b84511701)] -> xpath: //input[@id='Newsletter']]
2020-12-08 22:12:731 INFO  RegistrationPage :134 - send password to field[[ChromeDriver: chrome on WINDOWS (62ceca86abbd10d17c284c8b84511701)] -> xpath: //input[@id='Password']]
2020-12-08 22:12:812 INFO  RegistrationPage :142 - send password to confirm password field [[ChromeDriver: chrome on WINDOWS (62ceca86abbd10d17c284c8b84511701)] -> xpath: //input[@id='ConfirmPassword']]
2020-12-08 22:12:833 INFO  RegistrationPage :149 - Clicks on Registeration Button [[ChromeDriver: chrome on WINDOWS (62ceca86abbd10d17c284c8b84511701)] -> xpath: //input[@id='register-button']]
2020-12-08 22:12:244 INFO  RegistrationPage :163 - Verifies Successful Registration
2020-12-08 23:12:818 INFO  BasePage :29 - Launching Chrome Browser
2020-12-08 23:12:818 INFO  ComputerPage :24 - Mouse Hovers on Computer Link [[ChromeDriver: chrome on WINDOWS (cada1915a3680886450e88df2396d73c)] -> xpath: //ul[@class='top-menu notmobile']//a[contains(text(),'Computers')]]
2020-12-08 23:12:52 INFO  DesktopPage :60 - Clicks on Desktop Link Proxy element for: DefaultElementLocator 'By.xpath: //body/div[6]/div[3]/div[2]/div[2]/div[1]/div[2]/div[1]/div[1]/div[1]/div[1]/div[1]/a[1]/img[1]'
2020-12-08 23:12:336 INFO  DesktopPage :68 - sorts Z To A [[ChromeDriver: chrome on WINDOWS (cada1915a3680886450e88df2396d73c)] -> id: products-orderby]
2020-12-08 23:12:592 INFO  DesktopPage :96 -  sorts AtoZ [[ChromeDriver: chrome on WINDOWS (cada1915a3680886450e88df2396d73c)] -> id: products-orderby]
2020-12-08 23:12:649 INFO  DesktopPage :103 - Clicks on Add to cart Button [[ChromeDriver: chrome on WINDOWS (cada1915a3680886450e88df2396d73c)] -> xpath: //input[@onclick='return AjaxCart.addproducttocart_catalog("/addproducttocart/catalog/1/1/1"),!1']]
2020-12-08 23:12:244 INFO  DesktopPage :110 - Verify Actual Message [[ChromeDriver: chrome on WINDOWS (cada1915a3680886450e88df2396d73c)] -> xpath: //h1[contains(text(),'Build your own computer')]]
2020-12-08 23:12:282 INFO  BuildYourComputerPage :45 -  Selects Processor [[ChromeDriver: chrome on WINDOWS (cada1915a3680886450e88df2396d73c)] -> xpath: //select[@id='product_attribute_1']]
2020-12-08 23:12:551 INFO  BuildYourComputerPage :60 -  select RAM from dropdow [[ChromeDriver: chrome on WINDOWS (cada1915a3680886450e88df2396d73c)] -> xpath: //select[@id='product_attribute_2']]
2020-12-08 23:12:614 INFO  BuildYourComputerPage :67 - Click HDD radio button [[ChromeDriver: chrome on WINDOWS (cada1915a3680886450e88df2396d73c)] -> xpath: //input[@id='product_attribute_3_7']]
2020-12-08 23:12:666 INFO  BuildYourComputerPage :70 - Clicks OS Radio Button [[ChromeDriver: chrome on WINDOWS (cada1915a3680886450e88df2396d73c)] -> xpath: //input[@id='product_attribute_4_9']]
2020-12-08 23:12:730 INFO  BuildYourComputerPage :78 - Check Commander Check Box [[ChromeDriver: chrome on WINDOWS (cada1915a3680886450e88df2396d73c)] -> xpath: //input[@id='product_attribute_5_12']]
2020-12-08 23:12:752 INFO  BuildYourComputerPage :84 - verify Message [[ChromeDriver: chrome on WINDOWS (cada1915a3680886450e88df2396d73c)] -> xpath: //span[@class='price-value-1']]
2020-12-08 23:12:839 INFO  BuildYourComputerPage :96 - Click on Add to Cart Button [[ChromeDriver: chrome on WINDOWS (cada1915a3680886450e88df2396d73c)] -> xpath: //input[@id='add-to-cart-button-1']]
2020-12-08 23:12:882 INFO  BuildYourComputerPage :96 - Click on Add to Cart Button [[ChromeDriver: chrome on WINDOWS (cada1915a3680886450e88df2396d73c)] -> xpath: //input[@id='add-to-cart-button-1']]
2020-12-08 23:12:933 INFO  BuildYourComputerPage :104 -  Click on Display Notification [[ChromeDriver: chrome on WINDOWS (cada1915a3680886450e88df2396d73c)] -> xpath: //body/div[@id='bar-notification']/div[1]]
2020-12-08 23:12:61 INFO  ShoppingCartPage :51 - Changes the qty to 2 [[ChromeDriver: chrome on WINDOWS (cada1915a3680886450e88df2396d73c)] -> xpath: //input[@class='qty-input']]
2020-12-08 23:12:192 INFO  BasePage :29 - Launching Chrome Browser
2020-12-08 23:12:846 INFO  ComputerPage :24 - Mouse Hovers on Computer Link [[ChromeDriver: chrome on WINDOWS (9bc3cfbe5ce079866a9ed15156e1f038)] -> xpath: //ul[@class='top-menu notmobile']//a[contains(text(),'Computers')]]
2020-12-08 23:12:498 INFO  DesktopPage :60 - Clicks on Desktop Link Proxy element for: DefaultElementLocator 'By.xpath: //body/div[6]/div[3]/div[2]/div[2]/div[1]/div[2]/div[1]/div[1]/div[1]/div[1]/div[1]/a[1]/img[1]'
2020-12-08 23:12:105 INFO  DesktopPage :68 - sorts Z To A [[ChromeDriver: chrome on WINDOWS (9bc3cfbe5ce079866a9ed15156e1f038)] -> id: products-orderby]
2020-12-08 23:12:783 INFO  DesktopPage :96 -  sorts AtoZ [[ChromeDriver: chrome on WINDOWS (9bc3cfbe5ce079866a9ed15156e1f038)] -> id: products-orderby]
2020-12-08 23:12:860 INFO  DesktopPage :103 - Clicks on Add to cart Button [[ChromeDriver: chrome on WINDOWS (9bc3cfbe5ce079866a9ed15156e1f038)] -> xpath: //input[@onclick='return AjaxCart.addproducttocart_catalog("/addproducttocart/catalog/1/1/1"),!1']]
2020-12-08 23:12:820 INFO  DesktopPage :110 - Verify Actual Message [[ChromeDriver: chrome on WINDOWS (9bc3cfbe5ce079866a9ed15156e1f038)] -> xpath: //h1[contains(text(),'Build your own computer')]]
2020-12-08 23:12:851 INFO  BuildYourComputerPage :45 -  Selects Processor [[ChromeDriver: chrome on WINDOWS (9bc3cfbe5ce079866a9ed15156e1f038)] -> xpath: //select[@id='product_attribute_1']]
2020-12-08 23:12:116 INFO  BuildYourComputerPage :60 -  select RAM from dropdow [[ChromeDriver: chrome on WINDOWS (9bc3cfbe5ce079866a9ed15156e1f038)] -> xpath: //select[@id='product_attribute_2']]
2020-12-08 23:12:196 INFO  BuildYourComputerPage :67 - Click HDD radio button [[ChromeDriver: chrome on WINDOWS (9bc3cfbe5ce079866a9ed15156e1f038)] -> xpath: //input[@id='product_attribute_3_7']]
2020-12-08 23:12:264 INFO  BuildYourComputerPage :70 - Clicks OS Radio Button [[ChromeDriver: chrome on WINDOWS (9bc3cfbe5ce079866a9ed15156e1f038)] -> xpath: //input[@id='product_attribute_4_9']]
2020-12-08 23:12:331 INFO  BuildYourComputerPage :78 - Check Commander Check Box [[ChromeDriver: chrome on WINDOWS (9bc3cfbe5ce079866a9ed15156e1f038)] -> xpath: //input[@id='product_attribute_5_12']]
2020-12-08 23:12:360 INFO  BuildYourComputerPage :84 - verify Message [[ChromeDriver: chrome on WINDOWS (9bc3cfbe5ce079866a9ed15156e1f038)] -> xpath: //span[@class='price-value-1']]
2020-12-08 23:12:445 INFO  BuildYourComputerPage :96 - Click on Add to Cart Button [[ChromeDriver: chrome on WINDOWS (9bc3cfbe5ce079866a9ed15156e1f038)] -> xpath: //input[@id='add-to-cart-button-1']]
2020-12-08 23:12:877 INFO  BuildYourComputerPage :104 -  Click on Display Notification [[ChromeDriver: chrome on WINDOWS (9bc3cfbe5ce079866a9ed15156e1f038)] -> xpath: //body/div[@id='bar-notification']/div[1]]
2020-12-08 23:12:05 INFO  ShoppingCartPage :51 - Changes the qty to 2 [[ChromeDriver: chrome on WINDOWS (9bc3cfbe5ce079866a9ed15156e1f038)] -> xpath: //input[@class='qty-input']]
2020-12-08 23:12:85 INFO  BasePage :29 - Launching Chrome Browser
2020-12-08 23:12:217 INFO  ComputerPage :24 - Mouse Hovers on Computer Link [[ChromeDriver: chrome on WINDOWS (e8be76724fee5b91bbf7e4004e997398)] -> xpath: //ul[@class='top-menu notmobile']//a[contains(text(),'Computers')]]
2020-12-08 23:12:383 INFO  DesktopPage :60 - Clicks on Desktop Link Proxy element for: DefaultElementLocator 'By.xpath: //body/div[6]/div[3]/div[2]/div[2]/div[1]/div[2]/div[1]/div[1]/div[1]/div[1]/div[1]/a[1]/img[1]'
2020-12-08 23:12:586 INFO  DesktopPage :68 - sorts Z To A [[ChromeDriver: chrome on WINDOWS (e8be76724fee5b91bbf7e4004e997398)] -> id: products-orderby]
2020-12-08 23:12:842 INFO  DesktopPage :96 -  sorts AtoZ [[ChromeDriver: chrome on WINDOWS (e8be76724fee5b91bbf7e4004e997398)] -> id: products-orderby]
2020-12-08 23:12:913 INFO  DesktopPage :103 - Clicks on Add to cart Button [[ChromeDriver: chrome on WINDOWS (e8be76724fee5b91bbf7e4004e997398)] -> xpath: //input[@onclick='return AjaxCart.addproducttocart_catalog("/addproducttocart/catalog/1/1/1"),!1']]
2020-12-08 23:12:533 INFO  DesktopPage :110 - Verify Actual Message [[ChromeDriver: chrome on WINDOWS (e8be76724fee5b91bbf7e4004e997398)] -> xpath: //h1[contains(text(),'Build your own computer')]]
2020-12-08 23:12:572 INFO  BuildYourComputerPage :45 -  Selects Processor [[ChromeDriver: chrome on WINDOWS (e8be76724fee5b91bbf7e4004e997398)] -> xpath: //select[@id='product_attribute_1']]
2020-12-08 23:12:840 INFO  BuildYourComputerPage :60 -  select RAM from dropdow [[ChromeDriver: chrome on WINDOWS (e8be76724fee5b91bbf7e4004e997398)] -> xpath: //select[@id='product_attribute_2']]
2020-12-08 23:12:898 INFO  BuildYourComputerPage :67 - Click HDD radio button [[ChromeDriver: chrome on WINDOWS (e8be76724fee5b91bbf7e4004e997398)] -> xpath: //input[@id='product_attribute_3_7']]
2020-12-08 23:12:953 INFO  BuildYourComputerPage :70 - Clicks OS Radio Button [[ChromeDriver: chrome on WINDOWS (e8be76724fee5b91bbf7e4004e997398)] -> xpath: //input[@id='product_attribute_4_9']]
2020-12-08 23:12:13 INFO  BuildYourComputerPage :78 - Check Commander Check Box [[ChromeDriver: chrome on WINDOWS (e8be76724fee5b91bbf7e4004e997398)] -> xpath: //input[@id='product_attribute_5_12']]
2020-12-08 23:12:34 INFO  BuildYourComputerPage :84 - verify Message [[ChromeDriver: chrome on WINDOWS (e8be76724fee5b91bbf7e4004e997398)] -> xpath: //span[@class='price-value-1']]
2020-12-08 23:12:122 INFO  BuildYourComputerPage :96 - Click on Add to Cart Button [[ChromeDriver: chrome on WINDOWS (e8be76724fee5b91bbf7e4004e997398)] -> xpath: //input[@id='add-to-cart-button-1']]
2020-12-08 23:12:449 INFO  BuildYourComputerPage :104 -  Click on Display Notification [[ChromeDriver: chrome on WINDOWS (e8be76724fee5b91bbf7e4004e997398)] -> xpath: //body/div[@id='bar-notification']/div[1]]
2020-12-08 23:12:947 INFO  ShoppingCartPage :40 - Mini shopping Cart [[ChromeDriver: chrome on WINDOWS (e8be76724fee5b91bbf7e4004e997398)] -> xpath: //div[@class='mini-shopping-cart']//div//input]
2020-12-08 23:12:77 INFO  ShoppingCartPage :51 - Changes the qty to 2 [[ChromeDriver: chrome on WINDOWS (e8be76724fee5b91bbf7e4004e997398)] -> xpath: //input[@class='qty-input']]
2020-12-08 23:12:907 INFO  ShoppingCartPage :58 - Updates final Add button [[ChromeDriver: chrome on WINDOWS (e8be76724fee5b91bbf7e4004e997398)] -> xpath: //div[@class='cart-options']//div//input[@class='button-2 update-cart-button']]
2020-12-08 23:12:854 INFO  BasePage :29 - Launching Chrome Browser
2020-12-08 23:12:790 INFO  ComputerPage :24 - Mouse Hovers on Computer Link [[ChromeDriver: chrome on WINDOWS (6275cb81671843dad0a581ec57517fea)] -> xpath: //ul[@class='top-menu notmobile']//a[contains(text(),'Computers')]]
2020-12-08 23:12:22 INFO  DesktopPage :60 - Clicks on Desktop Link Proxy element for: DefaultElementLocator 'By.xpath: //body/div[6]/div[3]/div[2]/div[2]/div[1]/div[2]/div[1]/div[1]/div[1]/div[1]/div[1]/a[1]/img[1]'
2020-12-08 23:12:602 INFO  DesktopPage :68 - sorts Z To A [[ChromeDriver: chrome on WINDOWS (6275cb81671843dad0a581ec57517fea)] -> id: products-orderby]
2020-12-08 23:12:264 INFO  DesktopPage :96 -  sorts AtoZ [[ChromeDriver: chrome on WINDOWS (6275cb81671843dad0a581ec57517fea)] -> id: products-orderby]
2020-12-08 23:12:332 INFO  DesktopPage :103 - Clicks on Add to cart Button [[ChromeDriver: chrome on WINDOWS (6275cb81671843dad0a581ec57517fea)] -> xpath: //input[@onclick='return AjaxCart.addproducttocart_catalog("/addproducttocart/catalog/1/1/1"),!1']]
2020-12-08 23:12:191 INFO  DesktopPage :110 - Verify Actual Message [[ChromeDriver: chrome on WINDOWS (6275cb81671843dad0a581ec57517fea)] -> xpath: //h1[contains(text(),'Build your own computer')]]
2020-12-08 23:12:226 INFO  BuildYourComputerPage :45 -  Selects Processor [[ChromeDriver: chrome on WINDOWS (6275cb81671843dad0a581ec57517fea)] -> xpath: //select[@id='product_attribute_1']]
2020-12-08 23:12:489 INFO  BuildYourComputerPage :60 -  select RAM from dropdow [[ChromeDriver: chrome on WINDOWS (6275cb81671843dad0a581ec57517fea)] -> xpath: //select[@id='product_attribute_2']]
2020-12-08 23:12:559 INFO  BuildYourComputerPage :67 - Click HDD radio button [[ChromeDriver: chrome on WINDOWS (6275cb81671843dad0a581ec57517fea)] -> xpath: //input[@id='product_attribute_3_7']]
2020-12-08 23:12:612 INFO  BuildYourComputerPage :70 - Clicks OS Radio Button [[ChromeDriver: chrome on WINDOWS (6275cb81671843dad0a581ec57517fea)] -> xpath: //input[@id='product_attribute_4_9']]
2020-12-08 23:12:666 INFO  BuildYourComputerPage :78 - Check Commander Check Box [[ChromeDriver: chrome on WINDOWS (6275cb81671843dad0a581ec57517fea)] -> xpath: //input[@id='product_attribute_5_12']]
2020-12-08 23:12:695 INFO  BuildYourComputerPage :84 - verify Message [[ChromeDriver: chrome on WINDOWS (6275cb81671843dad0a581ec57517fea)] -> xpath: //span[@class='price-value-1']]
2020-12-08 23:12:784 INFO  BuildYourComputerPage :96 - Click on Add to Cart Button [[ChromeDriver: chrome on WINDOWS (6275cb81671843dad0a581ec57517fea)] -> xpath: //input[@id='add-to-cart-button-1']]
2020-12-08 23:12:706 INFO  BuildYourComputerPage :104 -  Click on Display Notification [[ChromeDriver: chrome on WINDOWS (6275cb81671843dad0a581ec57517fea)] -> xpath: //body/div[@id='bar-notification']/div[1]]
2020-12-08 23:12:124 INFO  ShoppingCartPage :40 - Mini shopping Cart [[ChromeDriver: chrome on WINDOWS (6275cb81671843dad0a581ec57517fea)] -> xpath: //div[@class='mini-shopping-cart']//div//input]
2020-12-08 23:12:248 INFO  ShoppingCartPage :51 - Changes the qty to 2 [[ChromeDriver: chrome on WINDOWS (6275cb81671843dad0a581ec57517fea)] -> xpath: //input[@class='qty-input']]
2020-12-08 23:12:898 INFO  ShoppingCartPage :58 - Updates final Add button [[ChromeDriver: chrome on WINDOWS (6275cb81671843dad0a581ec57517fea)] -> xpath: //div[@class='cart-options']//div//input[@class='button-2 update-cart-button']]
2020-12-09 14:12:302 INFO  BasePage :29 - Launching Chrome Browser
2020-12-09 14:12:137 INFO  HomePage :29 - Clicking on Login link : [[ChromeDriver: chrome on WINDOWS (65c3245bb27211106aebfca7493df7f1)] -> xpath: //a[contains(text(),'Log in')]]
2020-12-09 14:12:398 INFO  LoginPage :42 - Entering email address : abcd123@gmail.com to email field : [[ChromeDriver: chrome on WINDOWS (65c3245bb27211106aebfca7493df7f1)] -> id: Email]
2020-12-09 14:12:560 INFO  LoginPage :49 - Entering password : xyz123 to password field : [[ChromeDriver: chrome on WINDOWS (65c3245bb27211106aebfca7493df7f1)] -> css selector: #Password]
2020-12-09 14:12:733 INFO  LoginPage :55 - Clicking on login button : [[ChromeDriver: chrome on WINDOWS (65c3245bb27211106aebfca7493df7f1)] -> xpath: //input[@class='button-1 login-button']]
2020-12-09 14:12:764 INFO  LoginPage :66 - Getting error text from [[ChromeDriver: chrome on WINDOWS (65c3245bb27211106aebfca7493df7f1)] -> xpath: //div[@class = 'message-error validation-summary-errors']]
2020-12-09 14:12:847 INFO  BasePage :29 - Launching Chrome Browser
2020-12-09 14:12:114 INFO  HomePage :29 - Clicking on Login link : [[ChromeDriver: chrome on WINDOWS (8836f7a84ec3468a6cc11e4059c762f8)] -> xpath: //a[contains(text(),'Log in')]]
2020-12-09 14:12:323 INFO  LoginPage :42 - Entering email address : djjfgjjfg123@gmail.com to email field : [[ChromeDriver: chrome on WINDOWS (8836f7a84ec3468a6cc11e4059c762f8)] -> id: Email]
2020-12-09 14:12:471 INFO  LoginPage :49 - Entering password : xyadfas123 to password field : [[ChromeDriver: chrome on WINDOWS (8836f7a84ec3468a6cc11e4059c762f8)] -> css selector: #Password]
2020-12-09 14:12:719 INFO  LoginPage :55 - Clicking on login button : [[ChromeDriver: chrome on WINDOWS (8836f7a84ec3468a6cc11e4059c762f8)] -> xpath: //input[@class='button-1 login-button']]
2020-12-09 14:12:751 INFO  LoginPage :66 - Getting error text from [[ChromeDriver: chrome on WINDOWS (8836f7a84ec3468a6cc11e4059c762f8)] -> xpath: //div[@class = 'message-error validation-summary-errors']]
2020-12-09 14:12:101 INFO  BasePage :29 - Launching Chrome Browser
2020-12-09 14:12:681 INFO  HomePage :29 - Clicking on Login link : [[ChromeDriver: chrome on WINDOWS (00dafa2923b1b7742c4aa147865502e2)] -> xpath: //a[contains(text(),'Log in')]]
2020-12-09 14:12:884 INFO  LoginPage :42 - Entering email address : ritmjhsdfg123@gmail.com to email field : [[ChromeDriver: chrome on WINDOWS (00dafa2923b1b7742c4aa147865502e2)] -> id: Email]
2020-12-09 14:12:42 INFO  LoginPage :49 - Entering password : adfsadf123 to password field : [[ChromeDriver: chrome on WINDOWS (00dafa2923b1b7742c4aa147865502e2)] -> css selector: #Password]
2020-12-09 14:12:147 INFO  LoginPage :55 - Clicking on login button : [[ChromeDriver: chrome on WINDOWS (00dafa2923b1b7742c4aa147865502e2)] -> xpath: //input[@class='button-1 login-button']]
2020-12-09 14:12:179 INFO  LoginPage :66 - Getting error text from [[ChromeDriver: chrome on WINDOWS (00dafa2923b1b7742c4aa147865502e2)] -> xpath: //div[@class = 'message-error validation-summary-errors']]
2020-12-09 14:12:225 INFO  BasePage :29 - Launching Chrome Browser
2020-12-09 14:12:472 INFO  BasePage :29 - Launching Chrome Browser
2020-12-09 14:12:777 INFO  HomePage :29 - Clicking on Login link : [[ChromeDriver: chrome on WINDOWS (a72a12aab24e743587c52c1b1ad2bb6e)] -> xpath: //a[contains(text(),'Log in')]]
2020-12-09 14:12:998 INFO  LoginPage :42 - Entering email address : abcd123@gmail.com to email field : [[ChromeDriver: chrome on WINDOWS (a72a12aab24e743587c52c1b1ad2bb6e)] -> id: Email]
2020-12-09 14:12:128 INFO  LoginPage :49 - Entering password : xyz123 to password field : [[ChromeDriver: chrome on WINDOWS (a72a12aab24e743587c52c1b1ad2bb6e)] -> css selector: #Password]
2020-12-09 14:12:229 INFO  LoginPage :55 - Clicking on login button : [[ChromeDriver: chrome on WINDOWS (a72a12aab24e743587c52c1b1ad2bb6e)] -> xpath: //input[@class='button-1 login-button']]
2020-12-09 14:12:115 INFO  LoginPage :66 - Getting error text from [[ChromeDriver: chrome on WINDOWS (a72a12aab24e743587c52c1b1ad2bb6e)] -> xpath: //div[@class = 'message-error validation-summary-errors']]
2020-12-09 14:12:96 INFO  BasePage :29 - Launching Chrome Browser
2020-12-09 14:12:538 INFO  HomePage :29 - Clicking on Login link : [[ChromeDriver: chrome on WINDOWS (4e6abae6057810cf472bf94ac45f6eae)] -> xpath: //a[contains(text(),'Log in')]]
2020-12-09 14:12:752 INFO  LoginPage :42 - Entering email address : abcd123@gmail.com to email field : [[ChromeDriver: chrome on WINDOWS (4e6abae6057810cf472bf94ac45f6eae)] -> id: Email]
2020-12-09 14:12:910 INFO  LoginPage :49 - Entering password : xyz123 to password field : [[ChromeDriver: chrome on WINDOWS (4e6abae6057810cf472bf94ac45f6eae)] -> css selector: #Password]
2020-12-09 14:12:14 INFO  LoginPage :55 - Clicking on login button : [[ChromeDriver: chrome on WINDOWS (4e6abae6057810cf472bf94ac45f6eae)] -> xpath: //input[@class='button-1 login-button']]
2020-12-09 14:12:51 INFO  LoginPage :66 - Getting error text from [[ChromeDriver: chrome on WINDOWS (4e6abae6057810cf472bf94ac45f6eae)] -> xpath: //div[@class = 'message-error validation-summary-errors']]
2020-12-09 14:12:445 INFO  BasePage :29 - Launching Chrome Browser
2020-12-09 14:12:908 INFO  HomePage :29 - Clicking on Login link : [[ChromeDriver: chrome on WINDOWS (e28359448b3617e1bf98b92bc97466a3)] -> xpath: //a[contains(text(),'Log in')]]
2020-12-09 14:12:880 INFO  BasePage :29 - Launching Chrome Browser
2020-12-09 14:12:162 INFO  HomePage :29 - Clicking on Login link : [[ChromeDriver: chrome on WINDOWS (59ecd4206252e643ee3f622befe38546)] -> xpath: //a[contains(text(),'Log in')]]
2020-12-09 14:12:370 INFO  LoginPage :42 - Entering email address : abcd123@gmail.com to email field : [[ChromeDriver: chrome on WINDOWS (59ecd4206252e643ee3f622befe38546)] -> id: Email]
2020-12-09 14:12:513 INFO  LoginPage :49 - Entering password : xyz123 to password field : [[ChromeDriver: chrome on WINDOWS (59ecd4206252e643ee3f622befe38546)] -> css selector: #Password]
2020-12-09 14:12:06 INFO  LoginPage :55 - Clicking on login button : [[ChromeDriver: chrome on WINDOWS (59ecd4206252e643ee3f622befe38546)] -> xpath: //input[@class='button-1 login-button']]
2020-12-09 14:12:33 INFO  LoginPage :66 - Getting error text from [[ChromeDriver: chrome on WINDOWS (59ecd4206252e643ee3f622befe38546)] -> xpath: //div[@class = 'message-error validation-summary-errors']]
2020-12-09 14:12:417 INFO  BasePage :29 - Launching Chrome Browser
2020-12-09 14:12:885 INFO  HomePage :29 - Clicking on Login link : [[ChromeDriver: chrome on WINDOWS (e6efae220c9a65afa5d460c6c9b77556)] -> xpath: //a[contains(text(),'Log in')]]
2020-12-09 14:12:122 INFO  LoginPage :42 - Entering email address : djjfgjjfg123@gmail.com to email field : [[ChromeDriver: chrome on WINDOWS (e6efae220c9a65afa5d460c6c9b77556)] -> id: Email]
2020-12-09 14:12:01 INFO  BasePage :29 - Launching Chrome Browser
2020-12-09 14:12:863 INFO  HomePage :29 - Clicking on Login link : [[ChromeDriver: chrome on WINDOWS (fd9977953b4c05a0e49ef38f397460d7)] -> xpath: //a[contains(text(),'Log in')]]
2020-12-09 14:12:63 INFO  LoginPage :42 - Entering email address : abcd123@gmail.com to email field : [[ChromeDriver: chrome on WINDOWS (fd9977953b4c05a0e49ef38f397460d7)] -> id: Email]
2020-12-09 14:12:208 INFO  LoginPage :49 - Entering password : xyz123 to password field : [[ChromeDriver: chrome on WINDOWS (fd9977953b4c05a0e49ef38f397460d7)] -> css selector: #Password]
2020-12-09 14:12:479 INFO  LoginPage :55 - Clicking on login button : [[ChromeDriver: chrome on WINDOWS (fd9977953b4c05a0e49ef38f397460d7)] -> xpath: //input[@class='button-1 login-button']]
2020-12-09 14:12:942 INFO  LoginPage :66 - Getting error text from [[ChromeDriver: chrome on WINDOWS (fd9977953b4c05a0e49ef38f397460d7)] -> xpath: //div[@class = 'message-error validation-summary-errors']]
2020-12-09 14:12:146 INFO  BasePage :29 - Launching Chrome Browser
2020-12-09 14:12:406 INFO  HomePage :29 - Clicking on Login link : [[ChromeDriver: chrome on WINDOWS (f89ba3074a0f7f9398ebaa7e24f5e4ec)] -> xpath: //a[contains(text(),'Log in')]]
2020-12-09 14:12:597 INFO  LoginPage :42 - Entering email address : abcd123@gmail.com to email field : [[ChromeDriver: chrome on WINDOWS (f89ba3074a0f7f9398ebaa7e24f5e4ec)] -> id: Email]
2020-12-09 14:12:747 INFO  LoginPage :49 - Entering password : xyz123 to password field : [[ChromeDriver: chrome on WINDOWS (f89ba3074a0f7f9398ebaa7e24f5e4ec)] -> css selector: #Password]
2020-12-09 14:12:275 INFO  LoginPage :55 - Clicking on login button : [[ChromeDriver: chrome on WINDOWS (f89ba3074a0f7f9398ebaa7e24f5e4ec)] -> xpath: //input[@class='button-1 login-button']]
2020-12-09 14:12:305 INFO  LoginPage :66 - Getting error text from [[ChromeDriver: chrome on WINDOWS (f89ba3074a0f7f9398ebaa7e24f5e4ec)] -> xpath: //div[@class = 'message-error validation-summary-errors']]
2020-12-09 14:12:609 INFO  BasePage :29 - Launching Chrome Browser
2020-12-09 14:12:957 INFO  HomePage :29 - Clicking on Login link : [[ChromeDriver: chrome on WINDOWS (7e9fde0cc3dff8d2f3a8afd4ff2893eb)] -> xpath: //a[contains(text(),'Log in')]]
2020-12-09 14:12:139 INFO  LoginPage :42 - Entering email address : abcd123@gmail.com to email field : [[ChromeDriver: chrome on WINDOWS (7e9fde0cc3dff8d2f3a8afd4ff2893eb)] -> id: Email]
2020-12-09 14:12:291 INFO  LoginPage :49 - Entering password : xyz123 to password field : [[ChromeDriver: chrome on WINDOWS (7e9fde0cc3dff8d2f3a8afd4ff2893eb)] -> css selector: #Password]
2020-12-09 14:12:408 INFO  LoginPage :55 - Clicking on login button : [[ChromeDriver: chrome on WINDOWS (7e9fde0cc3dff8d2f3a8afd4ff2893eb)] -> xpath: //input[@class='button-1 login-button']]
2020-12-09 14:12:440 INFO  LoginPage :66 - Getting error text from [[ChromeDriver: chrome on WINDOWS (7e9fde0cc3dff8d2f3a8afd4ff2893eb)] -> xpath: //div[@class = 'message-error validation-summary-errors']]
2020-12-09 14:12:49 INFO  BasePage :29 - Launching Chrome Browser
2020-12-09 14:12:153 INFO  HomePage :29 - Clicking on Login link : [[ChromeDriver: chrome on WINDOWS (e9d7079820bfdfac84ee560b10fdb0af)] -> xpath: //a[contains(text(),'Log in')]]
2020-12-09 14:12:361 INFO  LoginPage :42 - Entering email address : abcd123@gmail.com to email field : [[ChromeDriver: chrome on WINDOWS (e9d7079820bfdfac84ee560b10fdb0af)] -> id: Email]
2020-12-09 14:12:510 INFO  LoginPage :49 - Entering password : xyz123 to password field : [[ChromeDriver: chrome on WINDOWS (e9d7079820bfdfac84ee560b10fdb0af)] -> css selector: #Password]
2020-12-09 14:12:610 INFO  LoginPage :55 - Clicking on login button : [[ChromeDriver: chrome on WINDOWS (e9d7079820bfdfac84ee560b10fdb0af)] -> xpath: //input[@class='button-1 login-button']]
2020-12-09 14:12:642 INFO  LoginPage :66 - Getting error text from [[ChromeDriver: chrome on WINDOWS (e9d7079820bfdfac84ee560b10fdb0af)] -> xpath: //div[@class = 'message-error validation-summary-errors']]
2020-12-09 14:12:330 INFO  BasePage :29 - Launching Chrome Browser
2020-12-09 14:12:571 INFO  HomePage :29 - Clicking on Login link : [[ChromeDriver: chrome on WINDOWS (2b6357ed94208f6fb3585e2b1b8326b6)] -> xpath: //a[contains(text(),'Log in')]]
2020-12-09 14:12:766 INFO  LoginPage :42 - Entering email address : djjfgjjfg123@gmail.com to email field : [[ChromeDriver: chrome on WINDOWS (2b6357ed94208f6fb3585e2b1b8326b6)] -> id: Email]
2020-12-09 14:12:917 INFO  LoginPage :49 - Entering password : xyadfas123 to password field : [[ChromeDriver: chrome on WINDOWS (2b6357ed94208f6fb3585e2b1b8326b6)] -> css selector: #Password]
2020-12-09 14:12:105 INFO  LoginPage :55 - Clicking on login button : [[ChromeDriver: chrome on WINDOWS (2b6357ed94208f6fb3585e2b1b8326b6)] -> xpath: //input[@class='button-1 login-button']]
2020-12-09 14:12:137 INFO  LoginPage :66 - Getting error text from [[ChromeDriver: chrome on WINDOWS (2b6357ed94208f6fb3585e2b1b8326b6)] -> xpath: //div[@class = 'message-error validation-summary-errors']]
2020-12-09 14:12:832 INFO  BasePage :29 - Launching Chrome Browser
2020-12-09 14:12:216 INFO  HomePage :29 - Clicking on Login link : [[ChromeDriver: chrome on WINDOWS (e9a0a240cd96c567443b66fc1dc121fe)] -> xpath: //a[contains(text(),'Log in')]]
2020-12-09 14:12:407 INFO  LoginPage :42 - Entering email address : ritmjhsdfg123@gmail.com to email field : [[ChromeDriver: chrome on WINDOWS (e9a0a240cd96c567443b66fc1dc121fe)] -> id: Email]
2020-12-09 14:12:539 INFO  LoginPage :49 - Entering password : adfsadf123 to password field : [[ChromeDriver: chrome on WINDOWS (e9a0a240cd96c567443b66fc1dc121fe)] -> css selector: #Password]
2020-12-09 14:12:85 INFO  LoginPage :55 - Clicking on login button : [[ChromeDriver: chrome on WINDOWS (e9a0a240cd96c567443b66fc1dc121fe)] -> xpath: //input[@class='button-1 login-button']]
2020-12-09 14:12:117 INFO  LoginPage :66 - Getting error text from [[ChromeDriver: chrome on WINDOWS (e9a0a240cd96c567443b66fc1dc121fe)] -> xpath: //div[@class = 'message-error validation-summary-errors']]
2020-12-09 14:12:478 INFO  BasePage :29 - Launching Chrome Browser
2020-12-09 14:12:814 INFO  HomePage :29 - Clicking on Login link : [[ChromeDriver: chrome on WINDOWS (822cb007693a37a00dc219a060b90177)] -> xpath: //a[contains(text(),'Log in')]]
2020-12-09 14:12:32 INFO  LoginPage :42 - Entering email address : abcd123@gmail.com to email field : [[ChromeDriver: chrome on WINDOWS (822cb007693a37a00dc219a060b90177)] -> id: Email]
2020-12-09 14:12:185 INFO  LoginPage :49 - Entering password : xyz123 to password field : [[ChromeDriver: chrome on WINDOWS (822cb007693a37a00dc219a060b90177)] -> css selector: #Password]
2020-12-09 14:12:662 INFO  LoginPage :55 - Clicking on login button : [[ChromeDriver: chrome on WINDOWS (822cb007693a37a00dc219a060b90177)] -> xpath: //input[@class='button-1 login-button']]
2020-12-09 14:12:694 INFO  LoginPage :66 - Getting error text from [[ChromeDriver: chrome on WINDOWS (822cb007693a37a00dc219a060b90177)] -> xpath: //div[@class = 'message-error validation-summary-errors']]
2020-12-09 14:12:399 INFO  BasePage :29 - Launching Chrome Browser
2020-12-09 14:12:741 INFO  HomePage :29 - Clicking on Login link : [[ChromeDriver: chrome on WINDOWS (ce8bc5347fc4494b42c9dbe9fbc38165)] -> xpath: //a[contains(text(),'Log in')]]
2020-12-09 14:12:937 INFO  LoginPage :42 - Entering email address : djjfgjjfg123@gmail.com to email field : [[ChromeDriver: chrome on WINDOWS (ce8bc5347fc4494b42c9dbe9fbc38165)] -> id: Email]
2020-12-09 14:12:74 INFO  LoginPage :49 - Entering password : xyadfas123 to password field : [[ChromeDriver: chrome on WINDOWS (ce8bc5347fc4494b42c9dbe9fbc38165)] -> css selector: #Password]
2020-12-09 14:12:279 INFO  LoginPage :55 - Clicking on login button : [[ChromeDriver: chrome on WINDOWS (ce8bc5347fc4494b42c9dbe9fbc38165)] -> xpath: //input[@class='button-1 login-button']]
2020-12-09 14:12:311 INFO  LoginPage :66 - Getting error text from [[ChromeDriver: chrome on WINDOWS (ce8bc5347fc4494b42c9dbe9fbc38165)] -> xpath: //div[@class = 'message-error validation-summary-errors']]
2020-12-09 14:12:53 INFO  BasePage :29 - Launching Chrome Browser
2020-12-09 14:12:247 INFO  HomePage :29 - Clicking on Login link : [[ChromeDriver: chrome on WINDOWS (6f24428191afe1827890ffce45540154)] -> xpath: //a[contains(text(),'Log in')]]
2020-12-09 14:12:460 INFO  LoginPage :42 - Entering email address : ritmjhsdfg123@gmail.com to email field : [[ChromeDriver: chrome on WINDOWS (6f24428191afe1827890ffce45540154)] -> id: Email]
2020-12-09 14:12:607 INFO  LoginPage :49 - Entering password : adfsadf123 to password field : [[ChromeDriver: chrome on WINDOWS (6f24428191afe1827890ffce45540154)] -> css selector: #Password]
2020-12-09 14:12:754 INFO  LoginPage :55 - Clicking on login button : [[ChromeDriver: chrome on WINDOWS (6f24428191afe1827890ffce45540154)] -> xpath: //input[@class='button-1 login-button']]
2020-12-09 14:12:786 INFO  LoginPage :66 - Getting error text from [[ChromeDriver: chrome on WINDOWS (6f24428191afe1827890ffce45540154)] -> xpath: //div[@class = 'message-error validation-summary-errors']]
2020-12-09 14:12:213 INFO  BasePage :29 - Launching Chrome Browser
2020-12-09 14:12:295 INFO  HomePage :29 - Clicking on Login link : [[ChromeDriver: chrome on WINDOWS (e6729ce4770e73719082698c926ab1da)] -> xpath: //a[contains(text(),'Log in')]]
2020-12-09 14:12:489 INFO  LoginPage :42 - Entering email address : abcd123@gmail.com to email field : [[ChromeDriver: chrome on WINDOWS (e6729ce4770e73719082698c926ab1da)] -> id: Email]
2020-12-09 14:12:631 INFO  LoginPage :49 - Entering password : xyz123 to password field : [[ChromeDriver: chrome on WINDOWS (e6729ce4770e73719082698c926ab1da)] -> css selector: #Password]
2020-12-09 14:12:755 INFO  LoginPage :55 - Clicking on login button : [[ChromeDriver: chrome on WINDOWS (e6729ce4770e73719082698c926ab1da)] -> xpath: //input[@class='button-1 login-button']]
2020-12-09 14:12:787 INFO  LoginPage :66 - Getting error text from [[ChromeDriver: chrome on WINDOWS (e6729ce4770e73719082698c926ab1da)] -> xpath: //div[@class = 'message-error validation-summary-errors']]
2020-12-09 14:12:455 INFO  BasePage :29 - Launching Chrome Browser
2020-12-09 14:12:814 INFO  HomePage :29 - Clicking on Login link : [[ChromeDriver: chrome on WINDOWS (242d8817b7254ae3e3ccb9fb77cdbda4)] -> xpath: //a[contains(text(),'Log in')]]
2020-12-09 14:12:30 INFO  LoginPage :42 - Entering email address : djjfgjjfg123@gmail.com to email field : [[ChromeDriver: chrome on WINDOWS (242d8817b7254ae3e3ccb9fb77cdbda4)] -> id: Email]
2020-12-09 14:12:172 INFO  LoginPage :49 - Entering password : xyadfas123 to password field : [[ChromeDriver: chrome on WINDOWS (242d8817b7254ae3e3ccb9fb77cdbda4)] -> css selector: #Password]
2020-12-09 14:12:321 INFO  LoginPage :55 - Clicking on login button : [[ChromeDriver: chrome on WINDOWS (242d8817b7254ae3e3ccb9fb77cdbda4)] -> xpath: //input[@class='button-1 login-button']]
2020-12-09 14:12:353 INFO  LoginPage :66 - Getting error text from [[ChromeDriver: chrome on WINDOWS (242d8817b7254ae3e3ccb9fb77cdbda4)] -> xpath: //div[@class = 'message-error validation-summary-errors']]
2020-12-09 14:12:70 INFO  BasePage :29 - Launching Chrome Browser
2020-12-09 14:12:687 INFO  HomePage :29 - Clicking on Login link : [[ChromeDriver: chrome on WINDOWS (6a5f792fd138647a58445bf99c77a6f3)] -> xpath: //a[contains(text(),'Log in')]]
2020-12-09 14:12:883 INFO  LoginPage :42 - Entering email address : ritmjhsdfg123@gmail.com to email field : [[ChromeDriver: chrome on WINDOWS (6a5f792fd138647a58445bf99c77a6f3)] -> id: Email]
2020-12-09 14:12:25 INFO  LoginPage :49 - Entering password : adfsadf123 to password field : [[ChromeDriver: chrome on WINDOWS (6a5f792fd138647a58445bf99c77a6f3)] -> css selector: #Password]
2020-12-09 14:12:159 INFO  LoginPage :55 - Clicking on login button : [[ChromeDriver: chrome on WINDOWS (6a5f792fd138647a58445bf99c77a6f3)] -> xpath: //input[@class='button-1 login-button']]
2020-12-09 14:12:191 INFO  LoginPage :66 - Getting error text from [[ChromeDriver: chrome on WINDOWS (6a5f792fd138647a58445bf99c77a6f3)] -> xpath: //div[@class = 'message-error validation-summary-errors']]
2020-12-09 14:12:94 INFO  BasePage :29 - Launching Chrome Browser
2020-12-09 14:12:300 INFO  HomePage :29 - Clicking on Login link : [[ChromeDriver: chrome on WINDOWS (1eeda124db237273de945c8ed702951e)] -> xpath: //a[contains(text(),'Log in')]]
2020-12-09 14:12:332 INFO  LoginPage :78 - Getting text from : [[ChromeDriver: chrome on WINDOWS (1eeda124db237273de945c8ed702951e)] -> xpath: //h1[contains(text(),'Welcome, Please Sign In!')]]
2020-12-09 14:12:738 INFO  BasePage :29 - Launching Chrome Browser
2020-12-09 14:12:222 INFO  ComputerPage :24 - Mouse Hovers on Computer Link [[ChromeDriver: chrome on WINDOWS (5b4ad59864919cfcb47133238ac08bb8)] -> xpath: //ul[@class='top-menu notmobile']//a[contains(text(),'Computers')]]
2020-12-09 14:12:562 INFO  DesktopPage :60 - Clicks on Desktop Link Proxy element for: DefaultElementLocator 'By.xpath: //body/div[6]/div[3]/div[2]/div[2]/div[1]/div[2]/div[1]/div[1]/div[1]/div[1]/div[1]/a[1]/img[1]'
2020-12-09 14:12:82 INFO  DesktopPage :68 - sorts Z To A [[ChromeDriver: chrome on WINDOWS (5b4ad59864919cfcb47133238ac08bb8)] -> id: products-orderby]
2020-12-09 14:12:559 INFO  DesktopPage :96 -  sorts AtoZ [[ChromeDriver: chrome on WINDOWS (5b4ad59864919cfcb47133238ac08bb8)] -> id: products-orderby]
2020-12-09 14:12:661 INFO  DesktopPage :103 - Clicks on Add to cart Button [[ChromeDriver: chrome on WINDOWS (5b4ad59864919cfcb47133238ac08bb8)] -> xpath: //input[@onclick='return AjaxCart.addproducttocart_catalog("/addproducttocart/catalog/1/1/1"),!1']]
2020-12-09 14:12:745 INFO  DesktopPage :110 - Verify Actual Message Proxy element for: DefaultElementLocator 'By.xpath: //h1[contains(text(),'Build your own computer')]'
2020-12-09 14:12:515 INFO  BasePage :29 - Launching Chrome Browser
2020-12-09 14:12:929 INFO  ComputerPage :24 - Mouse Hovers on Computer Link [[ChromeDriver: chrome on WINDOWS (514d9e298b31bac3ff1c6631302e9005)] -> xpath: //ul[@class='top-menu notmobile']//a[contains(text(),'Computers')]]
2020-12-09 14:12:293 INFO  DesktopPage :60 - Clicks on Desktop Link Proxy element for: DefaultElementLocator 'By.xpath: //body/div[6]/div[3]/div[2]/div[2]/div[1]/div[2]/div[1]/div[1]/div[1]/div[1]/div[1]/a[1]/img[1]'
2020-12-09 14:12:26 INFO  DesktopPage :68 - sorts Z To A [[ChromeDriver: chrome on WINDOWS (514d9e298b31bac3ff1c6631302e9005)] -> id: products-orderby]
2020-12-09 14:12:910 INFO  DesktopPage :96 -  sorts AtoZ [[ChromeDriver: chrome on WINDOWS (514d9e298b31bac3ff1c6631302e9005)] -> id: products-orderby]
2020-12-09 14:12:22 INFO  DesktopPage :103 - Clicks on Add to cart Button [[ChromeDriver: chrome on WINDOWS (514d9e298b31bac3ff1c6631302e9005)] -> xpath: //input[@onclick='return AjaxCart.addproducttocart_catalog("/addproducttocart/catalog/1/1/1"),!1']]
2020-12-09 14:12:417 INFO  DesktopPage :110 - Verify Actual Message [[ChromeDriver: chrome on WINDOWS (514d9e298b31bac3ff1c6631302e9005)] -> xpath: //h1[contains(text(),'Build your own computer')]]
2020-12-09 14:12:490 INFO  BuildYourComputerPage :45 -  Selects Processor [[ChromeDriver: chrome on WINDOWS (514d9e298b31bac3ff1c6631302e9005)] -> xpath: //select[@id='product_attribute_1']]
2020-12-09 14:12:19 INFO  BuildYourComputerPage :60 -  select RAM from dropdow [[ChromeDriver: chrome on WINDOWS (514d9e298b31bac3ff1c6631302e9005)] -> xpath: //select[@id='product_attribute_2']]
2020-12-09 14:12:115 INFO  BuildYourComputerPage :67 - Click HDD radio button [[ChromeDriver: chrome on WINDOWS (514d9e298b31bac3ff1c6631302e9005)] -> xpath: //input[@id='product_attribute_3_7']]
2020-12-09 14:12:213 INFO  BuildYourComputerPage :70 - Clicks OS Radio Button [[ChromeDriver: chrome on WINDOWS (514d9e298b31bac3ff1c6631302e9005)] -> xpath: //input[@id='product_attribute_4_9']]
2020-12-09 14:12:332 INFO  BuildYourComputerPage :78 - Check Commander Check Box [[ChromeDriver: chrome on WINDOWS (514d9e298b31bac3ff1c6631302e9005)] -> xpath: //input[@id='product_attribute_5_12']]
2020-12-09 14:12:364 INFO  BuildYourComputerPage :84 - verify Message [[ChromeDriver: chrome on WINDOWS (514d9e298b31bac3ff1c6631302e9005)] -> xpath: //span[@class='price-value-1']]
2020-12-09 14:12:536 INFO  BuildYourComputerPage :96 - Click on Add to Cart Button [[ChromeDriver: chrome on WINDOWS (514d9e298b31bac3ff1c6631302e9005)] -> xpath: //input[@id='add-to-cart-button-1']]
2020-12-09 14:12:957 INFO  BuildYourComputerPage :104 -  Click on Display Notification [[ChromeDriver: chrome on WINDOWS (514d9e298b31bac3ff1c6631302e9005)] -> xpath: //body/div[@id='bar-notification']/div[1]]
2020-12-09 14:12:75 INFO  ShoppingCartPage :40 - Mini shopping Cart [[ChromeDriver: chrome on WINDOWS (514d9e298b31bac3ff1c6631302e9005)] -> xpath: //div[@class='mini-shopping-cart']//div//input]
2020-12-09 14:12:359 INFO  ShoppingCartPage :51 - Changes the qty to 2 [[ChromeDriver: chrome on WINDOWS (514d9e298b31bac3ff1c6631302e9005)] -> xpath: //input[@class='qty-input']]
2020-12-09 14:12:414 INFO  ShoppingCartPage :58 - Updates final Add button [[ChromeDriver: chrome on WINDOWS (514d9e298b31bac3ff1c6631302e9005)] -> xpath: //div[@class='cart-options']//div//input[@class='button-2 update-cart-button']]
2020-12-09 14:12:132 INFO  BasePage :29 - Launching Chrome Browser
2020-12-09 14:12:564 INFO  HomePage :29 - Clicking on Login link : [[ChromeDriver: chrome on WINDOWS (819a48cab65f03cf0c84f5ddf6142353)] -> xpath: //a[contains(text(),'Log in')]]
2020-12-09 14:12:596 INFO  LoginPage :78 - Getting text from : [[ChromeDriver: chrome on WINDOWS (819a48cab65f03cf0c84f5ddf6142353)] -> xpath: //h1[contains(text(),'Welcome, Please Sign In!')]]
2020-12-09 14:12:289 INFO  BasePage :29 - Launching Chrome Browser
2020-12-09 14:12:464 INFO  HomePage :29 - Clicking on Login link : [[ChromeDriver: chrome on WINDOWS (541a92d414ff461e1b25c616195d28ce)] -> xpath: //a[contains(text(),'Log in')]]
2020-12-09 14:12:668 INFO  LoginPage :42 - Entering email address : alphatest@mymail.com to email field : [[ChromeDriver: chrome on WINDOWS (541a92d414ff461e1b25c616195d28ce)] -> id: Email]
2020-12-09 14:12:825 INFO  LoginPage :49 - Entering password : 123456 to password field : [[ChromeDriver: chrome on WINDOWS (541a92d414ff461e1b25c616195d28ce)] -> css selector: #Password]
2020-12-09 14:12:922 INFO  LoginPage :55 - Clicking on login button : [[ChromeDriver: chrome on WINDOWS (541a92d414ff461e1b25c616195d28ce)] -> xpath: //input[@class='button-1 login-button']]
2020-12-09 14:12:00 INFO  LoginPage :85 - Getting text from Proxy element for: DefaultElementLocator 'By.xpath: //h2[contains(text(),'Welcome to our store')]'
2020-12-09 14:12:94 INFO  BasePage :29 - Launching Chrome Browser
2020-12-09 14:12:923 INFO  HomePage :29 - Clicking on Login link : [[ChromeDriver: chrome on WINDOWS (c1b6921d0313b32b9315b4fbadd0cbba)] -> xpath: //a[contains(text(),'Log in')]]
2020-12-09 14:12:145 INFO  LoginPage :42 - Entering email address : abcd123@gmail.com to email field : [[ChromeDriver: chrome on WINDOWS (c1b6921d0313b32b9315b4fbadd0cbba)] -> id: Email]
2020-12-09 14:12:291 INFO  LoginPage :49 - Entering password : xyz123 to password field : [[ChromeDriver: chrome on WINDOWS (c1b6921d0313b32b9315b4fbadd0cbba)] -> css selector: #Password]
2020-12-09 14:12:806 INFO  LoginPage :55 - Clicking on login button : [[ChromeDriver: chrome on WINDOWS (c1b6921d0313b32b9315b4fbadd0cbba)] -> xpath: //input[@class='button-1 login-button']]
2020-12-09 14:12:832 INFO  LoginPage :66 - Getting error text from [[ChromeDriver: chrome on WINDOWS (c1b6921d0313b32b9315b4fbadd0cbba)] -> xpath: //div[@class = 'message-error validation-summary-errors']]
2020-12-09 14:12:522 INFO  BasePage :29 - Launching Chrome Browser
2020-12-09 14:12:750 INFO  HomePage :29 - Clicking on Login link : [[ChromeDriver: chrome on WINDOWS (7dd7e792ac3184f5abde0c96172acf53)] -> xpath: //a[contains(text(),'Log in')]]
2020-12-09 14:12:939 INFO  LoginPage :42 - Entering email address : djjfgjjfg123@gmail.com to email field : [[ChromeDriver: chrome on WINDOWS (7dd7e792ac3184f5abde0c96172acf53)] -> id: Email]
2020-12-09 14:12:64 INFO  LoginPage :49 - Entering password : xyadfas123 to password field : [[ChromeDriver: chrome on WINDOWS (7dd7e792ac3184f5abde0c96172acf53)] -> css selector: #Password]
2020-12-09 14:12:257 INFO  LoginPage :55 - Clicking on login button : [[ChromeDriver: chrome on WINDOWS (7dd7e792ac3184f5abde0c96172acf53)] -> xpath: //input[@class='button-1 login-button']]
2020-12-09 14:12:273 INFO  LoginPage :66 - Getting error text from [[ChromeDriver: chrome on WINDOWS (7dd7e792ac3184f5abde0c96172acf53)] -> xpath: //div[@class = 'message-error validation-summary-errors']]
2020-12-09 14:12:952 INFO  BasePage :29 - Launching Chrome Browser
2020-12-09 14:12:579 INFO  HomePage :29 - Clicking on Login link : [[ChromeDriver: chrome on WINDOWS (d00f00a4db7b19f555e7aa087ee50712)] -> xpath: //a[contains(text(),'Log in')]]
2020-12-09 14:12:793 INFO  LoginPage :42 - Entering email address : ritmjhsdfg123@gmail.com to email field : [[ChromeDriver: chrome on WINDOWS (d00f00a4db7b19f555e7aa087ee50712)] -> id: Email]
2020-12-09 14:12:942 INFO  LoginPage :49 - Entering password : adfsadf123 to password field : [[ChromeDriver: chrome on WINDOWS (d00f00a4db7b19f555e7aa087ee50712)] -> css selector: #Password]
2020-12-09 14:12:111 INFO  LoginPage :55 - Clicking on login button : [[ChromeDriver: chrome on WINDOWS (d00f00a4db7b19f555e7aa087ee50712)] -> xpath: //input[@class='button-1 login-button']]
2020-12-09 14:12:143 INFO  LoginPage :66 - Getting error text from [[ChromeDriver: chrome on WINDOWS (d00f00a4db7b19f555e7aa087ee50712)] -> xpath: //div[@class = 'message-error validation-summary-errors']]
2020-12-09 14:12:907 INFO  BasePage :29 - Launching Chrome Browser
2020-12-09 14:12:987 INFO  HomePage :36 - Clicking on login link : [[ChromeDriver: chrome on WINDOWS (400bb77388e663255fa0a6a7d724a6f4)] -> xpath: //a[@class='ico-register']]
2020-12-09 14:12:19 INFO  RegistrationPage :156 - Verify Registration Message [[ChromeDriver: chrome on WINDOWS (400bb77388e663255fa0a6a7d724a6f4)] -> xpath: //h1[contains(text(),'Register')]]
2020-12-09 14:12:959 INFO  BasePage :29 - Launching Chrome Browser
2020-12-09 14:12:377 INFO  HomePage :36 - Clicking on login link : [[ChromeDriver: chrome on WINDOWS (903d97b5e1735986bc27d7ed1d718b52)] -> xpath: //a[@class='ico-register']]
2020-12-09 14:12:409 INFO  RegistrationPage :156 - Verify Registration Message [[ChromeDriver: chrome on WINDOWS (903d97b5e1735986bc27d7ed1d718b52)] -> xpath: //h1[contains(text(),'Register')]]
2020-12-09 14:12:563 INFO  RegistrationPage :64 - click on Gender [[ChromeDriver: chrome on WINDOWS (903d97b5e1735986bc27d7ed1d718b52)] -> xpath: //label[contains(text(),'Male')]]
2020-12-09 14:12:730 INFO  RegistrationPage :73 - clicks and sends First Name [[ChromeDriver: chrome on WINDOWS (903d97b5e1735986bc27d7ed1d718b52)] -> xpath: //input[@id='FirstName']]
2020-12-09 14:12:854 INFO  RegistrationPage :81 - clicks and sends Last Name [[ChromeDriver: chrome on WINDOWS (903d97b5e1735986bc27d7ed1d718b52)] -> xpath: //input[@id='LastName']]
2020-12-09 14:12:971 INFO  RegistrationPage :89 - selects date from the DropDown [[ChromeDriver: chrome on WINDOWS (903d97b5e1735986bc27d7ed1d718b52)] -> xpath: //select[@name='DateOfBirthDay']//option[contains(text(),'11')]]
2020-12-09 14:12:53 INFO  RegistrationPage :96 - selects month from the Dropdown [[ChromeDriver: chrome on WINDOWS (903d97b5e1735986bc27d7ed1d718b52)] -> xpath: //select[@name='DateOfBirthMonth']//option[contains(text(),'November')]]
2020-12-09 14:12:141 INFO  RegistrationPage :103 - Selects Year from Dropdown [[ChromeDriver: chrome on WINDOWS (903d97b5e1735986bc27d7ed1d718b52)] -> xpath: //select[@name='DateOfBirthYear']//option[contains(text(),'2011')]]
2020-12-09 14:12:309 INFO  RegistrationPage :111 - send Email Id to [[ChromeDriver: chrome on WINDOWS (903d97b5e1735986bc27d7ed1d718b52)] -> xpath: //input[@id='Email']]
2020-12-09 14:12:460 INFO  RegistrationPage :119 - send Company Name [[ChromeDriver: chrome on WINDOWS (903d97b5e1735986bc27d7ed1d718b52)] -> xpath: //input[@id='Company']]
2020-12-09 14:12:546 INFO  RegistrationPage :126 - Selects Newsletter Checkbox [[ChromeDriver: chrome on WINDOWS (903d97b5e1735986bc27d7ed1d718b52)] -> xpath: //input[@id='Newsletter']]
2020-12-09 14:12:691 INFO  RegistrationPage :134 - send password to field[[ChromeDriver: chrome on WINDOWS (903d97b5e1735986bc27d7ed1d718b52)] -> xpath: //input[@id='Password']]
2020-12-09 14:12:862 INFO  RegistrationPage :142 - send password to confirm password field [[ChromeDriver: chrome on WINDOWS (903d97b5e1735986bc27d7ed1d718b52)] -> xpath: //input[@id='ConfirmPassword']]
2020-12-09 14:12:923 INFO  RegistrationPage :149 - Clicks on Registeration Button [[ChromeDriver: chrome on WINDOWS (903d97b5e1735986bc27d7ed1d718b52)] -> xpath: //input[@id='register-button']]
2020-12-09 14:12:59 INFO  RegistrationPage :163 - Verifies Successful Registration
2020-12-09 14:12:354 INFO  BasePage :29 - Launching Chrome Browser
2020-12-09 14:12:579 INFO  HomePage :29 - Clicking on Login link : [[ChromeDriver: chrome on WINDOWS (e069712af804fad20a03d889484b98c0)] -> xpath: //a[contains(text(),'Log in')]]
2020-12-09 14:12:802 INFO  LoginPage :42 - Entering email address : alphatest@mymail.com to email field : [[ChromeDriver: chrome on WINDOWS (e069712af804fad20a03d889484b98c0)] -> id: Email]
2020-12-09 14:12:957 INFO  LoginPage :49 - Entering password : 123456 to password field : [[ChromeDriver: chrome on WINDOWS (e069712af804fad20a03d889484b98c0)] -> css selector: #Password]
2020-12-09 14:12:101 INFO  LoginPage :55 - Clicking on login button : [[ChromeDriver: chrome on WINDOWS (e069712af804fad20a03d889484b98c0)] -> xpath: //input[@class='button-1 login-button']]
2020-12-09 14:12:245 INFO  LoginPage :85 - Getting text from Proxy element for: DefaultElementLocator 'By.xpath: //h2[contains(text(),'Welcome to our store')]'
2020-12-09 16:12:424 INFO  BasePage :29 - Launching Chrome Browser
2020-12-09 16:12:761 INFO  HomePage :29 - Clicking on Login link : [[ChromeDriver: chrome on WINDOWS (06fefa358c1376102a32dbba6e57053a)] -> xpath: //a[contains(text(),'Log in')]]
2020-12-09 16:12:954 INFO  LoginPage :42 - Entering email address : alphatest@mymail.com to email field : [[ChromeDriver: chrome on WINDOWS (06fefa358c1376102a32dbba6e57053a)] -> id: Email]
2020-12-09 16:12:107 INFO  LoginPage :49 - Entering password : 23456 to password field : [[ChromeDriver: chrome on WINDOWS (06fefa358c1376102a32dbba6e57053a)] -> css selector: #Password]
2020-12-09 16:12:203 INFO  LoginPage :55 - Clicking on login button : [[ChromeDriver: chrome on WINDOWS (06fefa358c1376102a32dbba6e57053a)] -> xpath: //input[@class='button-1 login-button']]
2020-12-09 16:12:286 INFO  LoginPage :85 - Getting text from Proxy element for: DefaultElementLocator 'By.xpath: //h2[contains(text(),'Welcome to our store')]'
2020-12-09 16:12:356 INFO  BasePage :29 - Launching Chrome Browser
2020-12-09 16:12:806 INFO  HomePage :36 - Clicking on login link : [[ChromeDriver: chrome on WINDOWS (f28cd664ed8661a0271478d2b03f10e6)] -> xpath: //a[@class='ico-register']]
2020-12-09 16:12:838 INFO  RegistrationPage :156 - Verify Registration Message [[ChromeDriver: chrome on WINDOWS (f28cd664ed8661a0271478d2b03f10e6)] -> xpath: //h1[contains(text(),'Register')]]
2020-12-09 16:12:121 INFO  BasePage :29 - Launching Chrome Browser
2020-12-09 16:12:622 INFO  HomePage :36 - Clicking on login link : [[ChromeDriver: chrome on WINDOWS (177e6fd31ded078d9547188eec57c3bd)] -> xpath: //a[@class='ico-register']]
2020-12-09 16:12:662 INFO  RegistrationPage :156 - Verify Registration Message [[ChromeDriver: chrome on WINDOWS (177e6fd31ded078d9547188eec57c3bd)] -> xpath: //h1[contains(text(),'Register')]]
2020-12-09 16:12:680 INFO  RegistrationPage :163 - Verifies Successful Registration
2020-12-09 16:12:235 INFO  BasePage :29 - Launching Chrome Browser
2020-12-09 16:12:685 INFO  HomePage :36 - Clicking on login link : [[ChromeDriver: chrome on WINDOWS (cd8f5d2710e4dc9fb4d54bde77bbc117)] -> xpath: //a[@class='ico-register']]
2020-12-09 16:12:725 INFO  RegistrationPage :156 - Verify Registration Message [[ChromeDriver: chrome on WINDOWS (cd8f5d2710e4dc9fb4d54bde77bbc117)] -> xpath: //h1[contains(text(),'Register')]]
2020-12-09 16:12:787 INFO  RegistrationPage :156 - Verify Registration Message [[ChromeDriver: chrome on WINDOWS (cd8f5d2710e4dc9fb4d54bde77bbc117)] -> xpath: //h1[contains(text(),'Register')]]
2020-12-09 23:12:652 INFO  BasePage :29 - Launching Chrome Browser
2020-12-09 23:12:851 INFO  ComputerPage :24 - Mouse Hovers on Computer Link [[ChromeDriver: chrome on WINDOWS (97860c97b979a1b0b2b2e460117d2c25)] -> xpath: //ul[@class='top-menu notmobile']//a[contains(text(),'Computers')]]
2020-12-09 23:12:155 INFO  DesktopPage :60 - Clicks on Desktop Link Proxy element for: DefaultElementLocator 'By.xpath: //body/div[6]/div[3]/div[2]/div[2]/div[1]/div[2]/div[1]/div[1]/div[1]/div[1]/div[1]/a[1]/img[1]'
2020-12-09 23:12:533 INFO  DesktopPage :68 - sorts Z To A [[ChromeDriver: chrome on WINDOWS (97860c97b979a1b0b2b2e460117d2c25)] -> id: products-orderby]
2020-12-09 23:12:892 INFO  DesktopPage :96 -  sorts AtoZ [[ChromeDriver: chrome on WINDOWS (97860c97b979a1b0b2b2e460117d2c25)] -> id: products-orderby]
2020-12-09 23:12:948 INFO  DesktopPage :103 - Clicks on Add to cart Button [[ChromeDriver: chrome on WINDOWS (97860c97b979a1b0b2b2e460117d2c25)] -> xpath: //input[@onclick='return AjaxCart.addproducttocart_catalog("/addproducttocart/catalog/1/1/1"),!1']]
2020-12-09 23:12:982 INFO  DesktopPage :110 - Verify Actual Message Proxy element for: DefaultElementLocator 'By.xpath: //h1[contains(text(),'Build your own computer')]'
2020-12-09 23:12:103 INFO  BasePage :29 - Launching Chrome Browser
2020-12-09 23:12:258 INFO  HomePage :29 - Clicking on Login link : [[ChromeDriver: chrome on WINDOWS (7665f3bfe2ac05fa7c8b662bee2e0d9b)] -> xpath: //a[contains(text(),'Log in')]]
2020-12-09 23:12:274 INFO  LoginPage :78 - Getting text from : [[ChromeDriver: chrome on WINDOWS (7665f3bfe2ac05fa7c8b662bee2e0d9b)] -> xpath: //h1[contains(text(),'Welcome, Please Sign In!')]]
2020-12-09 23:12:930 INFO  BasePage :29 - Launching Chrome Browser
